#
# There is insufficient memory for the Java Runtime Environment to continue.
# Native memory allocation (mmap) failed to map 71303168 bytes for Failed to commit area from 0x0000000096800000 to 0x000000009ac00000 of length 71303168.
# Possible reasons:
#   The system is out of physical RAM or swap space
#   The process is running with CompressedOops enabled, and the Java Heap may be blocking the growth of the native heap
# Possible solutions:
#   Reduce memory load on the system
#   Increase physical memory or swap space
#   Check if swap backing store is full
#   Decrease Java heap size (-Xmx/-Xms)
#   Decrease number of Java threads
#   Decrease Java thread stack sizes (-Xss)
#   Set larger code cache with -XX:ReservedCodeCacheSize=
#   JVM is running with Unscaled Compressed Oops mode in which the Java heap is
#     placed in the first 4GB address space. The Java Heap base address is the
#     maximum limit for the native heap growth. Please use -XX:HeapBaseMinAddress
#     to set the Java Heap base and to place the Java Heap above 4GB virtual address.
# This output file may be truncated or incomplete.
#
#  Out of Memory Error (./open/src/hotspot/os/windows/os_windows.cpp:3315), pid=4952, tid=17484
#
# JRE version: Java(TM) SE Runtime Environment (14.0.2+12) (build 14.0.2+12-46)
# Java VM: Java HotSpot(TM) 64-Bit Server VM (14.0.2+12-46, mixed mode, sharing, tiered, compressed oops, g1 gc, windows-amd64)
# No core dump will be written. Minidumps are not enabled by default on client versions of Windows
#

---------------  S U M M A R Y ------------

Command Line: -Dfile.encoding=windows-1252 -Duser.country=IN -Duser.language=en -Duser.variant com.vishva.CricInfo.CricInfoApplication

Host: Intel(R) Core(TM) i5-8250U CPU @ 1.60GHz, 8 cores, 7G,  Windows 10 , 64 bit Build 19041 (10.0.19041.546)
Time: Tue Nov 24 16:22:22 2020 India Standard Time elapsed time: 55 seconds (0d 0h 0m 55s)

---------------  T H R E A D  ---------------

Current thread (0x0000019a4c460000):  VMThread "VM Thread" [stack: 0x0000003d26300000,0x0000003d26400000] [id=17484]

Stack: [0x0000003d26300000,0x0000003d26400000]
[error occurred during error reporting (printing stack bounds), id 0xc0000005, EXCEPTION_ACCESS_VIOLATION (0xc0000005) at pc=0x0000019a35ba10ad]

Native frames: (J=compiled Java code, j=interpreted, Vv=VM code, C=native code)
V  [jvm.dll+0x5f8a9a]
V  [jvm.dll+0x74247a]
V  [jvm.dll+0x743c2f]
V  [jvm.dll+0x7441d5]
V  [jvm.dll+0x74418b]
V  [jvm.dll+0x5f7f6f]
V  [jvm.dll+0x5f8738]
C  [ntdll.dll+0xa10ff]
C  [ntdll.dll+0x4b474]
C  [ntdll.dll+0x9fc2e]
C  0x0000019a35ba10ad

VM_Operation (0x0000003d28dfd6b0): G1CollectForAllocation, mode: safepoint, requested by thread 0x0000019a4e29b000


---------------  P R O C E S S  ---------------

Threads class SMR info:
_java_thread_list=0x0000019a50010590, length=31, elements={
0x0000019a2d3fa800, 0x0000019a4c461800, 0x0000019a4c463000, 0x0000019a4c480800,
0x0000019a4c483800, 0x0000019a4c485000, 0x0000019a4c48d000, 0x0000019a4c48f000,
0x0000019a4c493000, 0x0000019a4cec3800, 0x0000019a4cecc800, 0x0000019a4fbc8800,
0x0000019a4fe63800, 0x0000019a51a23000, 0x0000019a5207f000, 0x0000019a54358800,
0x0000019a4d352000, 0x0000019a54a87800, 0x0000019a516ea800, 0x0000019a516ec800,
0x0000019a516ea000, 0x0000019a516eb800, 0x0000019a4e293000, 0x0000019a4e296800,
0x0000019a4e294000, 0x0000019a4e295800, 0x0000019a4e294800, 0x0000019a4e291800,
0x0000019a4e292800, 0x0000019a4e290800, 0x0000019a4e29b000
}

Java Threads: ( => current thread )
  0x0000019a2d3fa800 JavaThread "main" [_thread_blocked, id=15516, stack(0x0000003d25d00000,0x0000003d25e00000)]
  0x0000019a4c461800 JavaThread "Reference Handler" daemon [_thread_blocked, id=22400, stack(0x0000003d26400000,0x0000003d26500000)]
  0x0000019a4c463000 JavaThread "Finalizer" daemon [_thread_blocked, id=14772, stack(0x0000003d26500000,0x0000003d26600000)]
  0x0000019a4c480800 JavaThread "Signal Dispatcher" daemon [_thread_blocked, id=13444, stack(0x0000003d26600000,0x0000003d26700000)]
  0x0000019a4c483800 JavaThread "Attach Listener" daemon [_thread_blocked, id=21352, stack(0x0000003d26700000,0x0000003d26800000)]
  0x0000019a4c485000 JavaThread "Service Thread" daemon [_thread_blocked, id=13868, stack(0x0000003d26800000,0x0000003d26900000)]
  0x0000019a4c48d000 JavaThread "C2 CompilerThread0" daemon [_thread_blocked, id=13976, stack(0x0000003d26900000,0x0000003d26a00000)]
  0x0000019a4c48f000 JavaThread "C1 CompilerThread0" daemon [_thread_blocked, id=7916, stack(0x0000003d26a00000,0x0000003d26b00000)]
  0x0000019a4c493000 JavaThread "Sweeper thread" daemon [_thread_blocked, id=21572, stack(0x0000003d26b00000,0x0000003d26c00000)]
  0x0000019a4cec3800 JavaThread "Notification Thread" daemon [_thread_blocked, id=2852, stack(0x0000003d26c00000,0x0000003d26d00000)]
  0x0000019a4cecc800 JavaThread "Common-Cleaner" daemon [_thread_blocked, id=5112, stack(0x0000003d26e00000,0x0000003d26f00000)]
  0x0000019a4fbc8800 JavaThread "HikariPool-1 housekeeper" daemon [_thread_blocked, id=10348, stack(0x0000003d27500000,0x0000003d27600000)]
  0x0000019a4fe63800 JavaThread "Catalina-utility-1" [_thread_blocked, id=11280, stack(0x0000003d27700000,0x0000003d27800000)]
  0x0000019a51a23000 JavaThread "Catalina-utility-2" [_thread_blocked, id=18400, stack(0x0000003d27800000,0x0000003d27900000)]
  0x0000019a5207f000 JavaThread "container-0" [_thread_blocked, id=15968, stack(0x0000003d27900000,0x0000003d27a00000)]
  0x0000019a54358800 JavaThread "task-1" [_thread_blocked, id=22068, stack(0x0000003d27e00000,0x0000003d27f00000)]
  0x0000019a4d352000 JavaThread "http-nio-8080-BlockPoller" daemon [_thread_blocked, id=8168, stack(0x0000003d27f00000,0x0000003d28000000)]
  0x0000019a54a87800 JavaThread "http-nio-8080-exec-1" daemon [_thread_blocked, id=22856, stack(0x0000003d28000000,0x0000003d28100000)]
  0x0000019a516ea800 JavaThread "http-nio-8080-exec-2" daemon [_thread_blocked, id=22620, stack(0x0000003d28100000,0x0000003d28200000)]
  0x0000019a516ec800 JavaThread "http-nio-8080-exec-3" daemon [_thread_blocked, id=21556, stack(0x0000003d28200000,0x0000003d28300000)]
  0x0000019a516ea000 JavaThread "http-nio-8080-exec-4" daemon [_thread_blocked, id=20292, stack(0x0000003d28300000,0x0000003d28400000)]
  0x0000019a516eb800 JavaThread "http-nio-8080-exec-5" daemon [_thread_blocked, id=612, stack(0x0000003d28400000,0x0000003d28500000)]
  0x0000019a4e293000 JavaThread "http-nio-8080-exec-6" daemon [_thread_blocked, id=13616, stack(0x0000003d28500000,0x0000003d28600000)]
  0x0000019a4e296800 JavaThread "http-nio-8080-exec-7" daemon [_thread_blocked, id=7252, stack(0x0000003d28600000,0x0000003d28700000)]
  0x0000019a4e294000 JavaThread "http-nio-8080-exec-8" daemon [_thread_blocked, id=8392, stack(0x0000003d28700000,0x0000003d28800000)]
  0x0000019a4e295800 JavaThread "http-nio-8080-exec-9" daemon [_thread_blocked, id=16780, stack(0x0000003d28800000,0x0000003d28900000)]
  0x0000019a4e294800 JavaThread "http-nio-8080-exec-10" daemon [_thread_blocked, id=20572, stack(0x0000003d28900000,0x0000003d28a00000)]
  0x0000019a4e291800 JavaThread "http-nio-8080-ClientPoller" daemon [_thread_blocked, id=8260, stack(0x0000003d28a00000,0x0000003d28b00000)]
  0x0000019a4e292800 JavaThread "http-nio-8080-Acceptor" daemon [_thread_in_native, id=3924, stack(0x0000003d28b00000,0x0000003d28c00000)]
  0x0000019a4e290800 JavaThread "task-2" [_thread_blocked, id=7588, stack(0x0000003d28c00000,0x0000003d28d00000)]
  0x0000019a4e29b000 JavaThread "pool-244-thread-1" [_thread_blocked, id=1268, stack(0x0000003d28d00000,0x0000003d28e00000)]

Other Threads:
=>0x0000019a4c460000 VMThread "VM Thread" [stack: 0x0000003d26300000,0x0000003d26400000] [id=17484]
  0x0000019a4cec4800 WatcherThread [stack: 0x0000003d26d00000,0x0000003d26e00000] [id=15472]
  0x0000019a2d440000 GCTaskThread "GC Thread#0" [stack: 0x0000003d25e00000,0x0000003d25f00000] [id=19072]
  0x0000019a4d7e8800 GCTaskThread "GC Thread#1" [stack: 0x0000003d26f00000,0x0000003d27000000] [id=10632]
  0x0000019a4d7e9000 GCTaskThread "GC Thread#2" [stack: 0x0000003d27000000,0x0000003d27100000] [id=9288]
  0x0000019a4dc10800 GCTaskThread "GC Thread#3" [stack: 0x0000003d27300000,0x0000003d27400000] [id=22404]
  0x0000019a52281000 GCTaskThread "GC Thread#4" [stack: 0x0000003d27a00000,0x0000003d27b00000] [id=16120]
  0x0000019a4f836800 GCTaskThread "GC Thread#5" [stack: 0x0000003d27b00000,0x0000003d27c00000] [id=9596]
  0x0000019a4d3ec800 GCTaskThread "GC Thread#6" [stack: 0x0000003d27c00000,0x0000003d27d00000] [id=10600]
  0x0000019a52267000 GCTaskThread "GC Thread#7" [stack: 0x0000003d27d00000,0x0000003d27e00000] [id=6204]
  0x0000019a2d452800 ConcurrentGCThread "G1 Main Marker" [stack: 0x0000003d25f00000,0x0000003d26000000] [id=24376]
  0x0000019a2d454000 ConcurrentGCThread "G1 Conc#0" [stack: 0x0000003d26000000,0x0000003d26100000] [id=12020]
  0x0000019a4f66b800 ConcurrentGCThread "G1 Conc#1" [stack: 0x0000003d27400000,0x0000003d27500000] [id=12156]
  0x0000019a4c2d2800 ConcurrentGCThread "G1 Refine#0" [stack: 0x0000003d26100000,0x0000003d26200000] [id=14464]
  0x0000019a4c2d3800 ConcurrentGCThread "G1 Young RemSet Sampling" [stack: 0x0000003d26200000,0x0000003d26300000] [id=22876]

Threads with active compile tasks:
C1 CompilerThread0    55507 10123       3       org.h2.command.Parser::parseInsertGivenTable (228 bytes)

VM state:at safepoint (normal execution)

VM Mutex/Monitor currently owned by a thread:  ([mutex/lock_event])
[0x0000019a2d3ee0e0] Threads_lock - owner thread: 0x0000019a4c460000
[0x0000019a2d3edd80] Heap_lock - owner thread: 0x0000019a4e29b000

Heap address: 0x0000000081600000, size: 2026 MB, Compressed Oops mode: 32-bit
Narrow klass base: 0x0000000800000000, Narrow klass shift: 3
Compressed class space size: 1073741824 Address: 0x0000000800b30000

Heap:
 garbage-first heap   total 415744K, used 55306K [0x0000000081600000, 0x0000000100000000)
  region size 1024K, 6 young (6144K), 6 survivors (6144K)
 Metaspace       used 59748K, capacity 61166K, committed 61472K, reserved 1103872K
  class space    used 7422K, capacity 7957K, committed 8064K, reserved 1048576K
Heap Regions: E=young(eden), S=young(survivor), O=old, HS=humongous(starts), HC=humongous(continues), CS=collection set, F=free, OA=open archive, CA=closed archive, TAMS=top-at-mark-start (previous, next)
|   0|0x0000000081600000, 0x0000000081700000, 0x0000000081700000|100%|HS|  |TAMS 0x0000000081700000, 0x0000000081600000| Complete 
|   1|0x0000000081700000, 0x0000000081800000, 0x0000000081800000|100%| O|  |TAMS 0x0000000081800000, 0x0000000081700000| Untracked 
|   2|0x0000000081800000, 0x0000000081900000, 0x0000000081900000|100%| O|  |TAMS 0x0000000081900000, 0x0000000081800000| Untracked 
|   3|0x0000000081900000, 0x0000000081a00000, 0x0000000081a00000|100%| O|  |TAMS 0x0000000081a00000, 0x0000000081900000| Untracked 
|   4|0x0000000081a00000, 0x0000000081b00000, 0x0000000081b00000|100%| O|  |TAMS 0x0000000081b00000, 0x0000000081a00000| Untracked 
|   5|0x0000000081b00000, 0x0000000081c00000, 0x0000000081c00000|100%| O|  |TAMS 0x0000000081c00000, 0x0000000081b00000| Untracked 
|   6|0x0000000081c00000, 0x0000000081d00000, 0x0000000081d00000|100%| O|  |TAMS 0x0000000081c00000, 0x0000000081c00000| Untracked 
|   7|0x0000000081d00000, 0x0000000081e00000, 0x0000000081e00000|100%| O|  |TAMS 0x0000000081e00000, 0x0000000081d00000| Untracked 
|   8|0x0000000081e00000, 0x0000000081f00000, 0x0000000081f00000|100%| O|  |TAMS 0x0000000081f00000, 0x0000000081e00000| Untracked 
|   9|0x0000000081f00000, 0x0000000082000000, 0x0000000082000000|100%| O|  |TAMS 0x0000000082000000, 0x0000000081f00000| Untracked 
|  10|0x0000000082000000, 0x0000000082100000, 0x0000000082100000|100%| O|  |TAMS 0x0000000082100000, 0x0000000082000000| Untracked 
|  11|0x0000000082100000, 0x0000000082200000, 0x0000000082200000|100%| O|  |TAMS 0x0000000082200000, 0x0000000082100000| Untracked 
|  12|0x0000000082200000, 0x0000000082300000, 0x0000000082300000|100%| O|  |TAMS 0x0000000082200000, 0x0000000082200000| Untracked 
|  13|0x0000000082300000, 0x0000000082400000, 0x0000000082400000|100%| O|  |TAMS 0x0000000082300000, 0x0000000082300000| Untracked 
|  14|0x0000000082400000, 0x0000000082500000, 0x0000000082500000|100%| O|  |TAMS 0x0000000082500000, 0x0000000082400000| Untracked 
|  15|0x0000000082500000, 0x0000000082600000, 0x0000000082600000|100%| O|  |TAMS 0x0000000082600000, 0x0000000082500000| Untracked 
|  16|0x0000000082600000, 0x0000000082700000, 0x0000000082700000|100%| O|  |TAMS 0x0000000082700000, 0x0000000082600000| Untracked 
|  17|0x0000000082700000, 0x0000000082800000, 0x0000000082800000|100%| O|  |TAMS 0x0000000082800000, 0x0000000082700000| Untracked 
|  18|0x0000000082800000, 0x0000000082900000, 0x0000000082900000|100%| O|  |TAMS 0x0000000082800000, 0x0000000082800000| Untracked 
|  19|0x0000000082900000, 0x0000000082a00000, 0x0000000082a00000|100%| O|  |TAMS 0x0000000082900000, 0x0000000082900000| Untracked 
|  20|0x0000000082a00000, 0x0000000082b00000, 0x0000000082b00000|100%| O|  |TAMS 0x0000000082b00000, 0x0000000082a00000| Untracked 
|  21|0x0000000082b00000, 0x0000000082c00000, 0x0000000082c00000|100%| O|  |TAMS 0x0000000082c00000, 0x0000000082b00000| Untracked 
|  22|0x0000000082c00000, 0x0000000082d00000, 0x0000000082d00000|100%| O|  |TAMS 0x0000000082c00000, 0x0000000082c00000| Untracked 
|  23|0x0000000082d00000, 0x0000000082e00000, 0x0000000082e00000|100%| O|  |TAMS 0x0000000082d61c00, 0x0000000082d00000| Untracked 
|  24|0x0000000082e00000, 0x0000000082f00000, 0x0000000082f00000|100%| O|  |TAMS 0x0000000082e00000, 0x0000000082e00000| Untracked 
|  25|0x0000000082f00000, 0x0000000083000000, 0x0000000083000000|100%| O|  |TAMS 0x0000000082f00000, 0x0000000082f00000| Untracked 
|  26|0x0000000083000000, 0x0000000083100000, 0x0000000083100000|100%| O|  |TAMS 0x0000000083000000, 0x0000000083000000| Untracked 
|  27|0x0000000083100000, 0x0000000083200000, 0x0000000083200000|100%| O|  |TAMS 0x0000000083100000, 0x0000000083100000| Untracked 
|  28|0x0000000083200000, 0x0000000083300000, 0x0000000083300000|100%| O|  |TAMS 0x0000000083200000, 0x0000000083200000| Untracked 
|  29|0x0000000083300000, 0x0000000083400000, 0x0000000083400000|100%| O|  |TAMS 0x0000000083300000, 0x0000000083300000| Untracked 
|  30|0x0000000083400000, 0x0000000083500000, 0x0000000083500000|100%| O|  |TAMS 0x0000000083400000, 0x0000000083400000| Untracked 
|  31|0x0000000083500000, 0x0000000083600000, 0x0000000083600000|100%| O|  |TAMS 0x0000000083500000, 0x0000000083500000| Untracked 
|  32|0x0000000083600000, 0x0000000083700000, 0x0000000083700000|100%| O|  |TAMS 0x0000000083600000, 0x0000000083600000| Untracked 
|  33|0x0000000083700000, 0x0000000083800000, 0x0000000083800000|100%| O|  |TAMS 0x0000000083700000, 0x0000000083700000| Untracked 
|  34|0x0000000083800000, 0x0000000083900000, 0x0000000083900000|100%| O|  |TAMS 0x0000000083800000, 0x0000000083800000| Untracked 
|  35|0x0000000083900000, 0x0000000083a00000, 0x0000000083a00000|100%| O|  |TAMS 0x0000000083900000, 0x0000000083900000| Untracked 
|  36|0x0000000083a00000, 0x0000000083b00000, 0x0000000083b00000|100%| O|  |TAMS 0x0000000083a00000, 0x0000000083a00000| Untracked 
|  37|0x0000000083b00000, 0x0000000083c00000, 0x0000000083c00000|100%| O|  |TAMS 0x0000000083b00000, 0x0000000083b00000| Untracked 
|  38|0x0000000083c00000, 0x0000000083d00000, 0x0000000083d00000|100%| O|  |TAMS 0x0000000083c00000, 0x0000000083c00000| Untracked 
|  39|0x0000000083d00000, 0x0000000083e00000, 0x0000000083e00000|100%| O|  |TAMS 0x0000000083d00000, 0x0000000083d00000| Untracked 
|  40|0x0000000083e00000, 0x0000000083f00000, 0x0000000083f00000|100%| O|  |TAMS 0x0000000083e00000, 0x0000000083e00000| Untracked 
|  41|0x0000000083f00000, 0x0000000084000000, 0x0000000084000000|100%| O|  |TAMS 0x0000000083f00000, 0x0000000083f00000| Untracked 
|  42|0x0000000084000000, 0x0000000084100000, 0x0000000084100000|100%| O|  |TAMS 0x0000000084000000, 0x0000000084000000| Untracked 
|  43|0x0000000084100000, 0x0000000084200000, 0x0000000084200000|100%| O|  |TAMS 0x0000000084100000, 0x0000000084100000| Untracked 
|  44|0x0000000084200000, 0x0000000084300000, 0x0000000084300000|100%| O|  |TAMS 0x0000000084200000, 0x0000000084200000| Untracked 
|  45|0x0000000084300000, 0x0000000084400000, 0x0000000084400000|100%| O|  |TAMS 0x0000000084300000, 0x0000000084300000| Untracked 
|  46|0x0000000084400000, 0x0000000084500000, 0x0000000084500000|100%| O|  |TAMS 0x0000000084400000, 0x0000000084400000| Untracked 
|  47|0x0000000084500000, 0x0000000084600000, 0x0000000084600000|100%| O|  |TAMS 0x0000000084500000, 0x0000000084500000| Untracked 
|  48|0x0000000084600000, 0x0000000084684400, 0x0000000084700000| 51%| O|  |TAMS 0x0000000084600000, 0x0000000084600000| Untracked 
|  49|0x0000000084700000, 0x0000000084700000, 0x0000000084800000|  0%| F|  |TAMS 0x0000000084700000, 0x0000000084700000| Untracked 
|  50|0x0000000084800000, 0x0000000084800000, 0x0000000084900000|  0%| F|  |TAMS 0x0000000084800000, 0x0000000084800000| Untracked 
|  51|0x0000000084900000, 0x0000000084900000, 0x0000000084a00000|  0%| F|  |TAMS 0x0000000084900000, 0x0000000084900000| Untracked 
|  52|0x0000000084a00000, 0x0000000084a00000, 0x0000000084b00000|  0%| F|  |TAMS 0x0000000084a00000, 0x0000000084a00000| Untracked 
|  53|0x0000000084b00000, 0x0000000084b00000, 0x0000000084c00000|  0%| F|  |TAMS 0x0000000084b00000, 0x0000000084b00000| Untracked 
|  54|0x0000000084c00000, 0x0000000084c00000, 0x0000000084d00000|  0%| F|  |TAMS 0x0000000084c00000, 0x0000000084c00000| Untracked 
|  55|0x0000000084d00000, 0x0000000084d00000, 0x0000000084e00000|  0%| F|  |TAMS 0x0000000084d00000, 0x0000000084d00000| Untracked 
|  56|0x0000000084e00000, 0x0000000084e00000, 0x0000000084f00000|  0%| F|  |TAMS 0x0000000084e00000, 0x0000000084e00000| Untracked 
|  57|0x0000000084f00000, 0x0000000084f00000, 0x0000000085000000|  0%| F|  |TAMS 0x0000000084f00000, 0x0000000084f00000| Untracked 
|  58|0x0000000085000000, 0x0000000085000000, 0x0000000085100000|  0%| F|  |TAMS 0x0000000085000000, 0x0000000085000000| Untracked 
|  59|0x0000000085100000, 0x0000000085100000, 0x0000000085200000|  0%| F|  |TAMS 0x0000000085100000, 0x0000000085100000| Untracked 
|  60|0x0000000085200000, 0x0000000085200000, 0x0000000085300000|  0%| F|  |TAMS 0x0000000085200000, 0x0000000085200000| Untracked 
|  61|0x0000000085300000, 0x0000000085300000, 0x0000000085400000|  0%| F|  |TAMS 0x0000000085300000, 0x0000000085300000| Untracked 
|  62|0x0000000085400000, 0x0000000085400000, 0x0000000085500000|  0%| F|  |TAMS 0x0000000085400000, 0x0000000085400000| Untracked 
|  63|0x0000000085500000, 0x0000000085500000, 0x0000000085600000|  0%| F|  |TAMS 0x0000000085500000, 0x0000000085500000| Untracked 
|  64|0x0000000085600000, 0x0000000085600000, 0x0000000085700000|  0%| F|  |TAMS 0x0000000085600000, 0x0000000085600000| Untracked 
|  65|0x0000000085700000, 0x0000000085700000, 0x0000000085800000|  0%| F|  |TAMS 0x0000000085700000, 0x0000000085700000| Untracked 
|  66|0x0000000085800000, 0x0000000085800000, 0x0000000085900000|  0%| F|  |TAMS 0x0000000085800000, 0x0000000085800000| Untracked 
|  67|0x0000000085900000, 0x0000000085900000, 0x0000000085a00000|  0%| F|  |TAMS 0x0000000085900000, 0x0000000085900000| Untracked 
|  68|0x0000000085a00000, 0x0000000085a00000, 0x0000000085b00000|  0%| F|  |TAMS 0x0000000085a00000, 0x0000000085a00000| Untracked 
|  69|0x0000000085b00000, 0x0000000085b00000, 0x0000000085c00000|  0%| F|  |TAMS 0x0000000085b00000, 0x0000000085b00000| Untracked 
|  70|0x0000000085c00000, 0x0000000085c00000, 0x0000000085d00000|  0%| F|  |TAMS 0x0000000085c00000, 0x0000000085c00000| Untracked 
|  71|0x0000000085d00000, 0x0000000085d00000, 0x0000000085e00000|  0%| F|  |TAMS 0x0000000085d00000, 0x0000000085d00000| Untracked 
|  72|0x0000000085e00000, 0x0000000085e00000, 0x0000000085f00000|  0%| F|  |TAMS 0x0000000085e00000, 0x0000000085e00000| Untracked 
|  73|0x0000000085f00000, 0x0000000085f00000, 0x0000000086000000|  0%| F|  |TAMS 0x0000000085f00000, 0x0000000085f00000| Untracked 
|  74|0x0000000086000000, 0x0000000086000000, 0x0000000086100000|  0%| F|  |TAMS 0x0000000086000000, 0x0000000086000000| Untracked 
|  75|0x0000000086100000, 0x0000000086100000, 0x0000000086200000|  0%| F|  |TAMS 0x0000000086100000, 0x0000000086100000| Untracked 
|  76|0x0000000086200000, 0x0000000086200000, 0x0000000086300000|  0%| F|  |TAMS 0x0000000086200000, 0x0000000086200000| Untracked 
|  77|0x0000000086300000, 0x0000000086300000, 0x0000000086400000|  0%| F|  |TAMS 0x0000000086300000, 0x0000000086300000| Untracked 
|  78|0x0000000086400000, 0x0000000086400000, 0x0000000086500000|  0%| F|  |TAMS 0x0000000086400000, 0x0000000086400000| Untracked 
|  79|0x0000000086500000, 0x0000000086500000, 0x0000000086600000|  0%| F|  |TAMS 0x0000000086500000, 0x0000000086500000| Untracked 
|  80|0x0000000086600000, 0x0000000086600000, 0x0000000086700000|  0%| F|  |TAMS 0x0000000086600000, 0x0000000086600000| Untracked 
|  81|0x0000000086700000, 0x0000000086700000, 0x0000000086800000|  0%| F|  |TAMS 0x0000000086700000, 0x0000000086700000| Untracked 
|  82|0x0000000086800000, 0x0000000086800000, 0x0000000086900000|  0%| F|  |TAMS 0x0000000086800000, 0x0000000086800000| Untracked 
|  83|0x0000000086900000, 0x0000000086900000, 0x0000000086a00000|  0%| F|  |TAMS 0x0000000086900000, 0x0000000086900000| Untracked 
|  84|0x0000000086a00000, 0x0000000086a00000, 0x0000000086b00000|  0%| F|  |TAMS 0x0000000086a00000, 0x0000000086a00000| Untracked 
|  85|0x0000000086b00000, 0x0000000086b00000, 0x0000000086c00000|  0%| F|  |TAMS 0x0000000086b00000, 0x0000000086b00000| Untracked 
|  86|0x0000000086c00000, 0x0000000086c00000, 0x0000000086d00000|  0%| F|  |TAMS 0x0000000086c00000, 0x0000000086c00000| Untracked 
|  87|0x0000000086d00000, 0x0000000086d00000, 0x0000000086e00000|  0%| F|  |TAMS 0x0000000086d00000, 0x0000000086d00000| Untracked 
|  88|0x0000000086e00000, 0x0000000086e00000, 0x0000000086f00000|  0%| F|  |TAMS 0x0000000086e00000, 0x0000000086e00000| Untracked 
|  89|0x0000000086f00000, 0x0000000086f00000, 0x0000000087000000|  0%| F|  |TAMS 0x0000000086f00000, 0x0000000086f00000| Untracked 
|  90|0x0000000087000000, 0x0000000087000000, 0x0000000087100000|  0%| F|  |TAMS 0x0000000087000000, 0x0000000087000000| Untracked 
|  91|0x0000000087100000, 0x0000000087100000, 0x0000000087200000|  0%| F|  |TAMS 0x0000000087100000, 0x0000000087100000| Untracked 
|  92|0x0000000087200000, 0x0000000087200000, 0x0000000087300000|  0%| F|  |TAMS 0x0000000087200000, 0x0000000087200000| Untracked 
|  93|0x0000000087300000, 0x0000000087300000, 0x0000000087400000|  0%| F|  |TAMS 0x0000000087300000, 0x0000000087300000| Untracked 
|  94|0x0000000087400000, 0x0000000087400000, 0x0000000087500000|  0%| F|  |TAMS 0x0000000087400000, 0x0000000087400000| Untracked 
|  95|0x0000000087500000, 0x0000000087500000, 0x0000000087600000|  0%| F|  |TAMS 0x0000000087500000, 0x0000000087500000| Untracked 
|  96|0x0000000087600000, 0x0000000087600000, 0x0000000087700000|  0%| F|  |TAMS 0x0000000087600000, 0x0000000087600000| Untracked 
|  97|0x0000000087700000, 0x0000000087700000, 0x0000000087800000|  0%| F|  |TAMS 0x0000000087700000, 0x0000000087700000| Untracked 
|  98|0x0000000087800000, 0x0000000087800000, 0x0000000087900000|  0%| F|  |TAMS 0x0000000087800000, 0x0000000087800000| Untracked 
|  99|0x0000000087900000, 0x0000000087900000, 0x0000000087a00000|  0%| F|  |TAMS 0x0000000087900000, 0x0000000087900000| Untracked 
| 100|0x0000000087a00000, 0x0000000087a00000, 0x0000000087b00000|  0%| F|  |TAMS 0x0000000087a00000, 0x0000000087a00000| Untracked 
| 101|0x0000000087b00000, 0x0000000087b00000, 0x0000000087c00000|  0%| F|  |TAMS 0x0000000087b00000, 0x0000000087b00000| Untracked 
| 102|0x0000000087c00000, 0x0000000087c00000, 0x0000000087d00000|  0%| F|  |TAMS 0x0000000087c00000, 0x0000000087c00000| Untracked 
| 103|0x0000000087d00000, 0x0000000087d00000, 0x0000000087e00000|  0%| F|  |TAMS 0x0000000087d00000, 0x0000000087d00000| Untracked 
| 104|0x0000000087e00000, 0x0000000087e00000, 0x0000000087f00000|  0%| F|  |TAMS 0x0000000087e00000, 0x0000000087e00000| Untracked 
| 105|0x0000000087f00000, 0x0000000087f00000, 0x0000000088000000|  0%| F|  |TAMS 0x0000000087f00000, 0x0000000087f00000| Untracked 
| 106|0x0000000088000000, 0x0000000088000000, 0x0000000088100000|  0%| F|  |TAMS 0x0000000088000000, 0x0000000088000000| Untracked 
| 107|0x0000000088100000, 0x0000000088100000, 0x0000000088200000|  0%| F|  |TAMS 0x0000000088100000, 0x0000000088100000| Untracked 
| 108|0x0000000088200000, 0x0000000088200000, 0x0000000088300000|  0%| F|  |TAMS 0x0000000088200000, 0x0000000088200000| Untracked 
| 109|0x0000000088300000, 0x0000000088300000, 0x0000000088400000|  0%| F|  |TAMS 0x0000000088300000, 0x0000000088300000| Untracked 
| 110|0x0000000088400000, 0x0000000088400000, 0x0000000088500000|  0%| F|  |TAMS 0x0000000088400000, 0x0000000088400000| Untracked 
| 111|0x0000000088500000, 0x0000000088500000, 0x0000000088600000|  0%| F|  |TAMS 0x0000000088500000, 0x0000000088500000| Untracked 
| 112|0x0000000088600000, 0x0000000088600000, 0x0000000088700000|  0%| F|  |TAMS 0x0000000088600000, 0x0000000088600000| Untracked 
| 113|0x0000000088700000, 0x0000000088700000, 0x0000000088800000|  0%| F|  |TAMS 0x0000000088700000, 0x0000000088700000| Untracked 
| 114|0x0000000088800000, 0x0000000088800000, 0x0000000088900000|  0%| F|  |TAMS 0x0000000088800000, 0x0000000088800000| Untracked 
| 115|0x0000000088900000, 0x0000000088900000, 0x0000000088a00000|  0%| F|  |TAMS 0x0000000088900000, 0x0000000088900000| Untracked 
| 116|0x0000000088a00000, 0x0000000088a00000, 0x0000000088b00000|  0%| F|  |TAMS 0x0000000088a00000, 0x0000000088a00000| Untracked 
| 117|0x0000000088b00000, 0x0000000088b00000, 0x0000000088c00000|  0%| F|  |TAMS 0x0000000088b00000, 0x0000000088b00000| Untracked 
| 118|0x0000000088c00000, 0x0000000088c00000, 0x0000000088d00000|  0%| F|  |TAMS 0x0000000088c00000, 0x0000000088c00000| Untracked 
| 119|0x0000000088d00000, 0x0000000088d00000, 0x0000000088e00000|  0%| F|  |TAMS 0x0000000088d00000, 0x0000000088d00000| Untracked 
| 120|0x0000000088e00000, 0x0000000088e00000, 0x0000000088f00000|  0%| F|  |TAMS 0x0000000088e00000, 0x0000000088e00000| Untracked 
| 121|0x0000000088f00000, 0x0000000088f00000, 0x0000000089000000|  0%| F|  |TAMS 0x0000000088f00000, 0x0000000088f00000| Untracked 
| 122|0x0000000089000000, 0x0000000089000000, 0x0000000089100000|  0%| F|  |TAMS 0x0000000089000000, 0x0000000089000000| Untracked 
| 123|0x0000000089100000, 0x0000000089100000, 0x0000000089200000|  0%| F|  |TAMS 0x0000000089100000, 0x0000000089100000| Untracked 
| 124|0x0000000089200000, 0x0000000089200000, 0x0000000089300000|  0%| F|  |TAMS 0x0000000089200000, 0x0000000089200000| Untracked 
| 125|0x0000000089300000, 0x0000000089300000, 0x0000000089400000|  0%| F|  |TAMS 0x0000000089300000, 0x0000000089300000| Untracked 
| 126|0x0000000089400000, 0x0000000089400000, 0x0000000089500000|  0%| F|  |TAMS 0x0000000089400000, 0x0000000089400000| Untracked 
| 127|0x0000000089500000, 0x0000000089500000, 0x0000000089600000|  0%| F|  |TAMS 0x0000000089500000, 0x0000000089500000| Untracked 
| 128|0x0000000089600000, 0x0000000089600000, 0x0000000089700000|  0%| F|  |TAMS 0x0000000089600000, 0x0000000089600000| Untracked 
| 129|0x0000000089700000, 0x0000000089700000, 0x0000000089800000|  0%| F|  |TAMS 0x0000000089700000, 0x0000000089700000| Untracked 
| 130|0x0000000089800000, 0x0000000089800000, 0x0000000089900000|  0%| F|  |TAMS 0x0000000089800000, 0x0000000089800000| Untracked 
| 131|0x0000000089900000, 0x0000000089900000, 0x0000000089a00000|  0%| F|  |TAMS 0x0000000089900000, 0x0000000089900000| Untracked 
| 132|0x0000000089a00000, 0x0000000089a00000, 0x0000000089b00000|  0%| F|  |TAMS 0x0000000089a00000, 0x0000000089a00000| Untracked 
| 133|0x0000000089b00000, 0x0000000089b00000, 0x0000000089c00000|  0%| F|  |TAMS 0x0000000089b00000, 0x0000000089b00000| Untracked 
| 134|0x0000000089c00000, 0x0000000089c00000, 0x0000000089d00000|  0%| F|  |TAMS 0x0000000089c00000, 0x0000000089c00000| Untracked 
| 135|0x0000000089d00000, 0x0000000089d00000, 0x0000000089e00000|  0%| F|  |TAMS 0x0000000089d00000, 0x0000000089d00000| Untracked 
| 136|0x0000000089e00000, 0x0000000089e7e460, 0x0000000089f00000| 49%| S|CS|TAMS 0x0000000089e00000, 0x0000000089e00000| Complete 
| 137|0x0000000089f00000, 0x000000008a000000, 0x000000008a000000|100%| S|CS|TAMS 0x0000000089f00000, 0x0000000089f00000| Complete 
| 138|0x000000008a000000, 0x000000008a100000, 0x000000008a100000|100%| S|CS|TAMS 0x000000008a000000, 0x000000008a000000| Complete 
| 139|0x000000008a100000, 0x000000008a200000, 0x000000008a200000|100%| S|CS|TAMS 0x000000008a100000, 0x000000008a100000| Complete 
| 140|0x000000008a200000, 0x000000008a300000, 0x000000008a300000|100%| S|CS|TAMS 0x000000008a200000, 0x000000008a200000| Complete 
| 141|0x000000008a300000, 0x000000008a400000, 0x000000008a400000|100%| S|CS|TAMS 0x000000008a300000, 0x000000008a300000| Complete 
| 142|0x000000008a400000, 0x000000008a400000, 0x000000008a500000|  0%| F|  |TAMS 0x000000008a400000, 0x000000008a400000| Untracked 
| 143|0x000000008a500000, 0x000000008a500000, 0x000000008a600000|  0%| F|  |TAMS 0x000000008a500000, 0x000000008a500000| Untracked 
| 144|0x000000008a600000, 0x000000008a600000, 0x000000008a700000|  0%| F|  |TAMS 0x000000008a600000, 0x000000008a600000| Untracked 
| 145|0x000000008a700000, 0x000000008a700000, 0x000000008a800000|  0%| F|  |TAMS 0x000000008a700000, 0x000000008a700000| Untracked 
| 146|0x000000008a800000, 0x000000008a800000, 0x000000008a900000|  0%| F|  |TAMS 0x000000008a800000, 0x000000008a800000| Untracked 
| 147|0x000000008a900000, 0x000000008a900000, 0x000000008aa00000|  0%| F|  |TAMS 0x000000008a900000, 0x000000008a900000| Untracked 
| 148|0x000000008aa00000, 0x000000008aa00000, 0x000000008ab00000|  0%| F|  |TAMS 0x000000008aa00000, 0x000000008aa00000| Untracked 
| 149|0x000000008ab00000, 0x000000008ab00000, 0x000000008ac00000|  0%| F|  |TAMS 0x000000008ab00000, 0x000000008ab00000| Untracked 
| 150|0x000000008ac00000, 0x000000008ac00000, 0x000000008ad00000|  0%| F|  |TAMS 0x000000008ac00000, 0x000000008ac00000| Untracked 
| 151|0x000000008ad00000, 0x000000008ad00000, 0x000000008ae00000|  0%| F|  |TAMS 0x000000008ad00000, 0x000000008ad00000| Untracked 
| 152|0x000000008ae00000, 0x000000008ae00000, 0x000000008af00000|  0%| F|  |TAMS 0x000000008ae00000, 0x000000008ae00000| Untracked 
| 153|0x000000008af00000, 0x000000008af00000, 0x000000008b000000|  0%| F|  |TAMS 0x000000008af00000, 0x000000008af00000| Untracked 
| 154|0x000000008b000000, 0x000000008b000000, 0x000000008b100000|  0%| F|  |TAMS 0x000000008b000000, 0x000000008b000000| Untracked 
| 155|0x000000008b100000, 0x000000008b100000, 0x000000008b200000|  0%| F|  |TAMS 0x000000008b100000, 0x000000008b100000| Untracked 
| 156|0x000000008b200000, 0x000000008b200000, 0x000000008b300000|  0%| F|  |TAMS 0x000000008b200000, 0x000000008b200000| Untracked 
| 157|0x000000008b300000, 0x000000008b300000, 0x000000008b400000|  0%| F|  |TAMS 0x000000008b300000, 0x000000008b300000| Untracked 
| 158|0x000000008b400000, 0x000000008b400000, 0x000000008b500000|  0%| F|  |TAMS 0x000000008b400000, 0x000000008b400000| Untracked 
| 159|0x000000008b500000, 0x000000008b500000, 0x000000008b600000|  0%| F|  |TAMS 0x000000008b500000, 0x000000008b500000| Untracked 
| 160|0x000000008b600000, 0x000000008b600000, 0x000000008b700000|  0%| F|  |TAMS 0x000000008b600000, 0x000000008b600000| Untracked 
| 161|0x000000008b700000, 0x000000008b700000, 0x000000008b800000|  0%| F|  |TAMS 0x000000008b700000, 0x000000008b700000| Untracked 
| 162|0x000000008b800000, 0x000000008b800000, 0x000000008b900000|  0%| F|  |TAMS 0x000000008b800000, 0x000000008b800000| Untracked 
| 163|0x000000008b900000, 0x000000008b900000, 0x000000008ba00000|  0%| F|  |TAMS 0x000000008b900000, 0x000000008b900000| Untracked 
| 164|0x000000008ba00000, 0x000000008ba00000, 0x000000008bb00000|  0%| F|  |TAMS 0x000000008ba00000, 0x000000008ba00000| Untracked 
| 165|0x000000008bb00000, 0x000000008bb00000, 0x000000008bc00000|  0%| F|  |TAMS 0x000000008bb00000, 0x000000008bb00000| Untracked 
| 166|0x000000008bc00000, 0x000000008bc00000, 0x000000008bd00000|  0%| F|  |TAMS 0x000000008bc00000, 0x000000008bc00000| Untracked 
| 167|0x000000008bd00000, 0x000000008bd00000, 0x000000008be00000|  0%| F|  |TAMS 0x000000008bd00000, 0x000000008bd00000| Untracked 
| 168|0x000000008be00000, 0x000000008be00000, 0x000000008bf00000|  0%| F|  |TAMS 0x000000008be00000, 0x000000008be00000| Untracked 
| 169|0x000000008bf00000, 0x000000008bf00000, 0x000000008c000000|  0%| F|  |TAMS 0x000000008bf00000, 0x000000008bf00000| Untracked 
| 170|0x000000008c000000, 0x000000008c000000, 0x000000008c100000|  0%| F|  |TAMS 0x000000008c000000, 0x000000008c000000| Untracked 
| 171|0x000000008c100000, 0x000000008c100000, 0x000000008c200000|  0%| F|  |TAMS 0x000000008c100000, 0x000000008c100000| Untracked 
| 172|0x000000008c200000, 0x000000008c200000, 0x000000008c300000|  0%| F|  |TAMS 0x000000008c200000, 0x000000008c200000| Untracked 
| 173|0x000000008c300000, 0x000000008c300000, 0x000000008c400000|  0%| F|  |TAMS 0x000000008c300000, 0x000000008c300000| Untracked 
| 174|0x000000008c400000, 0x000000008c400000, 0x000000008c500000|  0%| F|  |TAMS 0x000000008c400000, 0x000000008c400000| Untracked 
| 175|0x000000008c500000, 0x000000008c500000, 0x000000008c600000|  0%| F|  |TAMS 0x000000008c500000, 0x000000008c500000| Untracked 
| 176|0x000000008c600000, 0x000000008c600000, 0x000000008c700000|  0%| F|  |TAMS 0x000000008c600000, 0x000000008c600000| Untracked 
| 177|0x000000008c700000, 0x000000008c700000, 0x000000008c800000|  0%| F|  |TAMS 0x000000008c700000, 0x000000008c700000| Untracked 
| 178|0x000000008c800000, 0x000000008c800000, 0x000000008c900000|  0%| F|  |TAMS 0x000000008c800000, 0x000000008c800000| Untracked 
| 179|0x000000008c900000, 0x000000008c900000, 0x000000008ca00000|  0%| F|  |TAMS 0x000000008c900000, 0x000000008c900000| Untracked 
| 180|0x000000008ca00000, 0x000000008ca00000, 0x000000008cb00000|  0%| F|  |TAMS 0x000000008ca00000, 0x000000008ca00000| Untracked 
| 181|0x000000008cb00000, 0x000000008cb00000, 0x000000008cc00000|  0%| F|  |TAMS 0x000000008cb00000, 0x000000008cb00000| Untracked 
| 182|0x000000008cc00000, 0x000000008cc00000, 0x000000008cd00000|  0%| F|  |TAMS 0x000000008cc00000, 0x000000008cc00000| Untracked 
| 183|0x000000008cd00000, 0x000000008cd00000, 0x000000008ce00000|  0%| F|  |TAMS 0x000000008cd00000, 0x000000008cd00000| Untracked 
| 184|0x000000008ce00000, 0x000000008ce00000, 0x000000008cf00000|  0%| F|  |TAMS 0x000000008ce00000, 0x000000008ce00000| Untracked 
| 185|0x000000008cf00000, 0x000000008cf00000, 0x000000008d000000|  0%| F|  |TAMS 0x000000008cf00000, 0x000000008cf00000| Untracked 
| 186|0x000000008d000000, 0x000000008d000000, 0x000000008d100000|  0%| F|  |TAMS 0x000000008d000000, 0x000000008d000000| Untracked 
| 187|0x000000008d100000, 0x000000008d100000, 0x000000008d200000|  0%| F|  |TAMS 0x000000008d100000, 0x000000008d100000| Untracked 
| 188|0x000000008d200000, 0x000000008d200000, 0x000000008d300000|  0%| F|  |TAMS 0x000000008d200000, 0x000000008d200000| Untracked 
| 189|0x000000008d300000, 0x000000008d300000, 0x000000008d400000|  0%| F|  |TAMS 0x000000008d300000, 0x000000008d300000| Untracked 
| 190|0x000000008d400000, 0x000000008d400000, 0x000000008d500000|  0%| F|  |TAMS 0x000000008d400000, 0x000000008d400000| Untracked 
| 191|0x000000008d500000, 0x000000008d500000, 0x000000008d600000|  0%| F|  |TAMS 0x000000008d500000, 0x000000008d500000| Untracked 
| 192|0x000000008d600000, 0x000000008d600000, 0x000000008d700000|  0%| F|  |TAMS 0x000000008d600000, 0x000000008d600000| Untracked 
| 193|0x000000008d700000, 0x000000008d700000, 0x000000008d800000|  0%| F|  |TAMS 0x000000008d700000, 0x000000008d700000| Untracked 
| 194|0x000000008d800000, 0x000000008d800000, 0x000000008d900000|  0%| F|  |TAMS 0x000000008d800000, 0x000000008d800000| Untracked 
| 195|0x000000008d900000, 0x000000008d900000, 0x000000008da00000|  0%| F|  |TAMS 0x000000008d900000, 0x000000008d900000| Untracked 
| 196|0x000000008da00000, 0x000000008da00000, 0x000000008db00000|  0%| F|  |TAMS 0x000000008da00000, 0x000000008da00000| Untracked 
| 197|0x000000008db00000, 0x000000008db00000, 0x000000008dc00000|  0%| F|  |TAMS 0x000000008db00000, 0x000000008db00000| Untracked 
| 198|0x000000008dc00000, 0x000000008dc00000, 0x000000008dd00000|  0%| F|  |TAMS 0x000000008dc00000, 0x000000008dc00000| Untracked 
| 199|0x000000008dd00000, 0x000000008dd00000, 0x000000008de00000|  0%| F|  |TAMS 0x000000008dd00000, 0x000000008dd00000| Untracked 
| 200|0x000000008de00000, 0x000000008de00000, 0x000000008df00000|  0%| F|  |TAMS 0x000000008de00000, 0x000000008de00000| Untracked 
| 201|0x000000008df00000, 0x000000008df00000, 0x000000008e000000|  0%| F|  |TAMS 0x000000008df00000, 0x000000008df00000| Untracked 
| 202|0x000000008e000000, 0x000000008e000000, 0x000000008e100000|  0%| F|  |TAMS 0x000000008e000000, 0x000000008e000000| Untracked 
| 203|0x000000008e100000, 0x000000008e100000, 0x000000008e200000|  0%| F|  |TAMS 0x000000008e100000, 0x000000008e100000| Untracked 
| 204|0x000000008e200000, 0x000000008e200000, 0x000000008e300000|  0%| F|  |TAMS 0x000000008e200000, 0x000000008e200000| Untracked 
| 205|0x000000008e300000, 0x000000008e300000, 0x000000008e400000|  0%| F|  |TAMS 0x000000008e300000, 0x000000008e300000| Untracked 
| 206|0x000000008e400000, 0x000000008e400000, 0x000000008e500000|  0%| F|  |TAMS 0x000000008e400000, 0x000000008e400000| Untracked 
| 207|0x000000008e500000, 0x000000008e500000, 0x000000008e600000|  0%| F|  |TAMS 0x000000008e500000, 0x000000008e500000| Untracked 
| 208|0x000000008e600000, 0x000000008e600000, 0x000000008e700000|  0%| F|  |TAMS 0x000000008e600000, 0x000000008e600000| Untracked 
| 209|0x000000008e700000, 0x000000008e700000, 0x000000008e800000|  0%| F|  |TAMS 0x000000008e700000, 0x000000008e700000| Untracked 
| 210|0x000000008e800000, 0x000000008e800000, 0x000000008e900000|  0%| F|  |TAMS 0x000000008e800000, 0x000000008e800000| Untracked 
| 211|0x000000008e900000, 0x000000008e900000, 0x000000008ea00000|  0%| F|  |TAMS 0x000000008e900000, 0x000000008e900000| Untracked 
| 212|0x000000008ea00000, 0x000000008ea00000, 0x000000008eb00000|  0%| F|  |TAMS 0x000000008ea00000, 0x000000008ea00000| Untracked 
| 213|0x000000008eb00000, 0x000000008eb00000, 0x000000008ec00000|  0%| F|  |TAMS 0x000000008eb00000, 0x000000008eb00000| Untracked 
| 214|0x000000008ec00000, 0x000000008ec00000, 0x000000008ed00000|  0%| F|  |TAMS 0x000000008ec00000, 0x000000008ec00000| Untracked 
| 215|0x000000008ed00000, 0x000000008ed00000, 0x000000008ee00000|  0%| F|  |TAMS 0x000000008ed00000, 0x000000008ed00000| Untracked 
| 216|0x000000008ee00000, 0x000000008ee00000, 0x000000008ef00000|  0%| F|  |TAMS 0x000000008ee00000, 0x000000008ee00000| Untracked 
| 217|0x000000008ef00000, 0x000000008ef00000, 0x000000008f000000|  0%| F|  |TAMS 0x000000008ef00000, 0x000000008ef00000| Untracked 
| 218|0x000000008f000000, 0x000000008f000000, 0x000000008f100000|  0%| F|  |TAMS 0x000000008f000000, 0x000000008f000000| Untracked 
| 219|0x000000008f100000, 0x000000008f100000, 0x000000008f200000|  0%| F|  |TAMS 0x000000008f100000, 0x000000008f100000| Untracked 
| 220|0x000000008f200000, 0x000000008f200000, 0x000000008f300000|  0%| F|  |TAMS 0x000000008f200000, 0x000000008f200000| Untracked 
| 221|0x000000008f300000, 0x000000008f300000, 0x000000008f400000|  0%| F|  |TAMS 0x000000008f300000, 0x000000008f300000| Untracked 
| 222|0x000000008f400000, 0x000000008f400000, 0x000000008f500000|  0%| F|  |TAMS 0x000000008f400000, 0x000000008f400000| Untracked 
| 223|0x000000008f500000, 0x000000008f500000, 0x000000008f600000|  0%| F|  |TAMS 0x000000008f500000, 0x000000008f500000| Untracked 
| 224|0x000000008f600000, 0x000000008f600000, 0x000000008f700000|  0%| F|  |TAMS 0x000000008f600000, 0x000000008f600000| Untracked 
| 225|0x000000008f700000, 0x000000008f700000, 0x000000008f800000|  0%| F|  |TAMS 0x000000008f700000, 0x000000008f700000| Untracked 
| 226|0x000000008f800000, 0x000000008f800000, 0x000000008f900000|  0%| F|  |TAMS 0x000000008f800000, 0x000000008f800000| Untracked 
| 227|0x000000008f900000, 0x000000008f900000, 0x000000008fa00000|  0%| F|  |TAMS 0x000000008f900000, 0x000000008f900000| Untracked 
| 228|0x000000008fa00000, 0x000000008fa00000, 0x000000008fb00000|  0%| F|  |TAMS 0x000000008fa00000, 0x000000008fa00000| Untracked 
| 229|0x000000008fb00000, 0x000000008fb00000, 0x000000008fc00000|  0%| F|  |TAMS 0x000000008fb00000, 0x000000008fb00000| Untracked 
| 230|0x000000008fc00000, 0x000000008fc00000, 0x000000008fd00000|  0%| F|  |TAMS 0x000000008fc00000, 0x000000008fc00000| Untracked 
| 231|0x000000008fd00000, 0x000000008fd00000, 0x000000008fe00000|  0%| F|  |TAMS 0x000000008fd00000, 0x000000008fd00000| Untracked 
| 232|0x000000008fe00000, 0x000000008fe00000, 0x000000008ff00000|  0%| F|  |TAMS 0x000000008fe00000, 0x000000008fe00000| Untracked 
| 233|0x000000008ff00000, 0x000000008ff00000, 0x0000000090000000|  0%| F|  |TAMS 0x000000008ff00000, 0x000000008ff00000| Untracked 
| 234|0x0000000090000000, 0x0000000090000000, 0x0000000090100000|  0%| F|  |TAMS 0x0000000090000000, 0x0000000090000000| Untracked 
| 235|0x0000000090100000, 0x0000000090100000, 0x0000000090200000|  0%| F|  |TAMS 0x0000000090100000, 0x0000000090100000| Untracked 
| 236|0x0000000090200000, 0x0000000090200000, 0x0000000090300000|  0%| F|  |TAMS 0x0000000090200000, 0x0000000090200000| Untracked 
| 237|0x0000000090300000, 0x0000000090300000, 0x0000000090400000|  0%| F|  |TAMS 0x0000000090300000, 0x0000000090300000| Untracked 
| 238|0x0000000090400000, 0x0000000090400000, 0x0000000090500000|  0%| F|  |TAMS 0x0000000090400000, 0x0000000090400000| Untracked 
| 239|0x0000000090500000, 0x0000000090500000, 0x0000000090600000|  0%| F|  |TAMS 0x0000000090500000, 0x0000000090500000| Untracked 
| 240|0x0000000090600000, 0x0000000090600000, 0x0000000090700000|  0%| F|  |TAMS 0x0000000090600000, 0x0000000090600000| Untracked 
| 241|0x0000000090700000, 0x0000000090700000, 0x0000000090800000|  0%| F|  |TAMS 0x0000000090700000, 0x0000000090700000| Untracked 
| 242|0x0000000090800000, 0x0000000090800000, 0x0000000090900000|  0%| F|  |TAMS 0x0000000090800000, 0x0000000090800000| Untracked 
| 243|0x0000000090900000, 0x0000000090900000, 0x0000000090a00000|  0%| F|  |TAMS 0x0000000090900000, 0x0000000090900000| Untracked 
| 244|0x0000000090a00000, 0x0000000090a00000, 0x0000000090b00000|  0%| F|  |TAMS 0x0000000090a00000, 0x0000000090a00000| Untracked 
| 245|0x0000000090b00000, 0x0000000090b00000, 0x0000000090c00000|  0%| F|  |TAMS 0x0000000090b00000, 0x0000000090b00000| Untracked 
| 246|0x0000000090c00000, 0x0000000090c00000, 0x0000000090d00000|  0%| F|  |TAMS 0x0000000090c00000, 0x0000000090c00000| Untracked 
| 247|0x0000000090d00000, 0x0000000090d00000, 0x0000000090e00000|  0%| F|  |TAMS 0x0000000090d00000, 0x0000000090d00000| Untracked 
| 248|0x0000000090e00000, 0x0000000090e00000, 0x0000000090f00000|  0%| F|  |TAMS 0x0000000090e00000, 0x0000000090e00000| Untracked 
| 249|0x0000000090f00000, 0x0000000090f00000, 0x0000000091000000|  0%| F|  |TAMS 0x0000000090f00000, 0x0000000090f00000| Untracked 
| 250|0x0000000091000000, 0x0000000091000000, 0x0000000091100000|  0%| F|  |TAMS 0x0000000091000000, 0x0000000091000000| Untracked 
| 251|0x0000000091100000, 0x0000000091100000, 0x0000000091200000|  0%| F|  |TAMS 0x0000000091100000, 0x0000000091100000| Untracked 
| 252|0x0000000091200000, 0x0000000091200000, 0x0000000091300000|  0%| F|  |TAMS 0x0000000091200000, 0x0000000091200000| Untracked 
| 253|0x0000000091300000, 0x0000000091300000, 0x0000000091400000|  0%| F|  |TAMS 0x0000000091300000, 0x0000000091300000| Untracked 
| 254|0x0000000091400000, 0x0000000091400000, 0x0000000091500000|  0%| F|  |TAMS 0x0000000091400000, 0x0000000091400000| Untracked 
| 255|0x0000000091500000, 0x0000000091500000, 0x0000000091600000|  0%| F|  |TAMS 0x0000000091500000, 0x0000000091500000| Untracked 
| 256|0x0000000091600000, 0x0000000091600000, 0x0000000091700000|  0%| F|  |TAMS 0x0000000091600000, 0x0000000091600000| Untracked 
| 257|0x0000000091700000, 0x0000000091700000, 0x0000000091800000|  0%| F|  |TAMS 0x0000000091700000, 0x0000000091700000| Untracked 
| 258|0x0000000091800000, 0x0000000091800000, 0x0000000091900000|  0%| F|  |TAMS 0x0000000091800000, 0x0000000091800000| Untracked 
| 259|0x0000000091900000, 0x0000000091900000, 0x0000000091a00000|  0%| F|  |TAMS 0x0000000091900000, 0x0000000091900000| Untracked 
| 260|0x0000000091a00000, 0x0000000091a00000, 0x0000000091b00000|  0%| F|  |TAMS 0x0000000091a00000, 0x0000000091a00000| Untracked 
| 261|0x0000000091b00000, 0x0000000091b00000, 0x0000000091c00000|  0%| F|  |TAMS 0x0000000091b00000, 0x0000000091b00000| Untracked 
| 262|0x0000000091c00000, 0x0000000091c00000, 0x0000000091d00000|  0%| F|  |TAMS 0x0000000091c00000, 0x0000000091c00000| Untracked 
| 263|0x0000000091d00000, 0x0000000091d00000, 0x0000000091e00000|  0%| F|  |TAMS 0x0000000091d00000, 0x0000000091d00000| Untracked 
| 264|0x0000000091e00000, 0x0000000091e00000, 0x0000000091f00000|  0%| F|  |TAMS 0x0000000091e00000, 0x0000000091e00000| Untracked 
| 265|0x0000000091f00000, 0x0000000091f00000, 0x0000000092000000|  0%| F|  |TAMS 0x0000000091f00000, 0x0000000091f00000| Untracked 
| 266|0x0000000092000000, 0x0000000092000000, 0x0000000092100000|  0%| F|  |TAMS 0x0000000092000000, 0x0000000092000000| Untracked 
| 267|0x0000000092100000, 0x0000000092100000, 0x0000000092200000|  0%| F|  |TAMS 0x0000000092100000, 0x0000000092100000| Untracked 
| 268|0x0000000092200000, 0x0000000092200000, 0x0000000092300000|  0%| F|  |TAMS 0x0000000092200000, 0x0000000092200000| Untracked 
| 269|0x0000000092300000, 0x0000000092300000, 0x0000000092400000|  0%| F|  |TAMS 0x0000000092300000, 0x0000000092300000| Untracked 
| 270|0x0000000092400000, 0x0000000092400000, 0x0000000092500000|  0%| F|  |TAMS 0x0000000092400000, 0x0000000092400000| Untracked 
| 271|0x0000000092500000, 0x0000000092500000, 0x0000000092600000|  0%| F|  |TAMS 0x0000000092500000, 0x0000000092500000| Untracked 
| 272|0x0000000092600000, 0x0000000092600000, 0x0000000092700000|  0%| F|  |TAMS 0x0000000092600000, 0x0000000092600000| Untracked 
| 273|0x0000000092700000, 0x0000000092700000, 0x0000000092800000|  0%| F|  |TAMS 0x0000000092700000, 0x0000000092700000| Untracked 
| 274|0x0000000092800000, 0x0000000092800000, 0x0000000092900000|  0%| F|  |TAMS 0x0000000092800000, 0x0000000092800000| Untracked 
| 275|0x0000000092900000, 0x0000000092900000, 0x0000000092a00000|  0%| F|  |TAMS 0x0000000092900000, 0x0000000092900000| Untracked 
| 276|0x0000000092a00000, 0x0000000092a00000, 0x0000000092b00000|  0%| F|  |TAMS 0x0000000092a00000, 0x0000000092a00000| Untracked 
| 277|0x0000000092b00000, 0x0000000092b00000, 0x0000000092c00000|  0%| F|  |TAMS 0x0000000092b00000, 0x0000000092b00000| Untracked 
| 278|0x0000000092c00000, 0x0000000092c00000, 0x0000000092d00000|  0%| F|  |TAMS 0x0000000092c00000, 0x0000000092c00000| Untracked 
| 279|0x0000000092d00000, 0x0000000092d00000, 0x0000000092e00000|  0%| F|  |TAMS 0x0000000092d00000, 0x0000000092d00000| Untracked 
| 280|0x0000000092e00000, 0x0000000092e00000, 0x0000000092f00000|  0%| F|  |TAMS 0x0000000092e00000, 0x0000000092e00000| Untracked 
| 281|0x0000000092f00000, 0x0000000092f00000, 0x0000000093000000|  0%| F|  |TAMS 0x0000000092f00000, 0x0000000092f00000| Untracked 
| 282|0x0000000093000000, 0x0000000093000000, 0x0000000093100000|  0%| F|  |TAMS 0x0000000093000000, 0x0000000093000000| Untracked 
| 283|0x0000000093100000, 0x0000000093100000, 0x0000000093200000|  0%| F|  |TAMS 0x0000000093100000, 0x0000000093100000| Untracked 
| 284|0x0000000093200000, 0x0000000093200000, 0x0000000093300000|  0%| F|  |TAMS 0x0000000093200000, 0x0000000093200000| Untracked 
| 285|0x0000000093300000, 0x0000000093300000, 0x0000000093400000|  0%| F|  |TAMS 0x0000000093300000, 0x0000000093300000| Untracked 
| 286|0x0000000093400000, 0x0000000093400000, 0x0000000093500000|  0%| F|  |TAMS 0x0000000093400000, 0x0000000093400000| Untracked 
| 287|0x0000000093500000, 0x0000000093500000, 0x0000000093600000|  0%| F|  |TAMS 0x0000000093500000, 0x0000000093500000| Untracked 
| 288|0x0000000093600000, 0x0000000093600000, 0x0000000093700000|  0%| F|  |TAMS 0x0000000093600000, 0x0000000093600000| Untracked 
| 289|0x0000000093700000, 0x0000000093700000, 0x0000000093800000|  0%| F|  |TAMS 0x0000000093700000, 0x0000000093700000| Untracked 
| 290|0x0000000093800000, 0x0000000093800000, 0x0000000093900000|  0%| F|  |TAMS 0x0000000093800000, 0x0000000093800000| Untracked 
| 291|0x0000000093900000, 0x0000000093900000, 0x0000000093a00000|  0%| F|  |TAMS 0x0000000093900000, 0x0000000093900000| Untracked 
| 292|0x0000000093a00000, 0x0000000093a00000, 0x0000000093b00000|  0%| F|  |TAMS 0x0000000093a00000, 0x0000000093a00000| Untracked 
| 293|0x0000000093b00000, 0x0000000093b00000, 0x0000000093c00000|  0%| F|  |TAMS 0x0000000093b00000, 0x0000000093b00000| Untracked 
| 294|0x0000000093c00000, 0x0000000093c00000, 0x0000000093d00000|  0%| F|  |TAMS 0x0000000093c00000, 0x0000000093c00000| Untracked 
| 295|0x0000000093d00000, 0x0000000093d00000, 0x0000000093e00000|  0%| F|  |TAMS 0x0000000093d00000, 0x0000000093d00000| Untracked 
| 296|0x0000000093e00000, 0x0000000093e00000, 0x0000000093f00000|  0%| F|  |TAMS 0x0000000093e00000, 0x0000000093e00000| Untracked 
| 297|0x0000000093f00000, 0x0000000093f00000, 0x0000000094000000|  0%| F|  |TAMS 0x0000000093f00000, 0x0000000093f00000| Untracked 
| 298|0x0000000094000000, 0x0000000094000000, 0x0000000094100000|  0%| F|  |TAMS 0x0000000094000000, 0x0000000094000000| Untracked 
| 299|0x0000000094100000, 0x0000000094100000, 0x0000000094200000|  0%| F|  |TAMS 0x0000000094100000, 0x0000000094100000| Untracked 
| 300|0x0000000094200000, 0x0000000094200000, 0x0000000094300000|  0%| F|  |TAMS 0x0000000094200000, 0x0000000094200000| Untracked 
| 301|0x0000000094300000, 0x0000000094300000, 0x0000000094400000|  0%| F|  |TAMS 0x0000000094300000, 0x0000000094300000| Untracked 
| 302|0x0000000094400000, 0x0000000094400000, 0x0000000094500000|  0%| F|  |TAMS 0x0000000094400000, 0x0000000094400000| Untracked 
| 303|0x0000000094500000, 0x0000000094500000, 0x0000000094600000|  0%| F|  |TAMS 0x0000000094500000, 0x0000000094500000| Untracked 
| 304|0x0000000094600000, 0x0000000094600000, 0x0000000094700000|  0%| F|  |TAMS 0x0000000094600000, 0x0000000094600000| Untracked 
| 305|0x0000000094700000, 0x0000000094700000, 0x0000000094800000|  0%| F|  |TAMS 0x0000000094700000, 0x0000000094700000| Untracked 
| 306|0x0000000094800000, 0x0000000094800000, 0x0000000094900000|  0%| F|  |TAMS 0x0000000094800000, 0x0000000094800000| Untracked 
| 307|0x0000000094900000, 0x0000000094900000, 0x0000000094a00000|  0%| F|  |TAMS 0x0000000094900000, 0x0000000094900000| Untracked 
| 308|0x0000000094a00000, 0x0000000094a00000, 0x0000000094b00000|  0%| F|  |TAMS 0x0000000094a00000, 0x0000000094a00000| Untracked 
| 309|0x0000000094b00000, 0x0000000094b00000, 0x0000000094c00000|  0%| F|  |TAMS 0x0000000094b00000, 0x0000000094b00000| Untracked 
| 310|0x0000000094c00000, 0x0000000094c00000, 0x0000000094d00000|  0%| F|  |TAMS 0x0000000094c00000, 0x0000000094c00000| Untracked 
| 311|0x0000000094d00000, 0x0000000094d00000, 0x0000000094e00000|  0%| F|  |TAMS 0x0000000094d00000, 0x0000000094d00000| Untracked 
| 312|0x0000000094e00000, 0x0000000094e00000, 0x0000000094f00000|  0%| F|  |TAMS 0x0000000094e00000, 0x0000000094e00000| Untracked 
| 313|0x0000000094f00000, 0x0000000094f00000, 0x0000000095000000|  0%| F|  |TAMS 0x0000000094f00000, 0x0000000094f00000| Untracked 
| 314|0x0000000095000000, 0x0000000095000000, 0x0000000095100000|  0%| F|  |TAMS 0x0000000095000000, 0x0000000095000000| Untracked 
| 315|0x0000000095100000, 0x0000000095100000, 0x0000000095200000|  0%| F|  |TAMS 0x0000000095100000, 0x0000000095100000| Untracked 
| 316|0x0000000095200000, 0x0000000095200000, 0x0000000095300000|  0%| F|  |TAMS 0x0000000095200000, 0x0000000095200000| Untracked 
| 317|0x0000000095300000, 0x0000000095300000, 0x0000000095400000|  0%| F|  |TAMS 0x0000000095300000, 0x0000000095300000| Untracked 
| 318|0x0000000095400000, 0x0000000095400000, 0x0000000095500000|  0%| F|  |TAMS 0x0000000095400000, 0x0000000095400000| Untracked 
| 319|0x0000000095500000, 0x0000000095500000, 0x0000000095600000|  0%| F|  |TAMS 0x0000000095500000, 0x0000000095500000| Untracked 
| 320|0x0000000095600000, 0x0000000095600000, 0x0000000095700000|  0%| F|  |TAMS 0x0000000095600000, 0x0000000095600000| Untracked 
| 321|0x0000000095700000, 0x0000000095700000, 0x0000000095800000|  0%| F|  |TAMS 0x0000000095700000, 0x0000000095700000| Untracked 
| 322|0x0000000095800000, 0x0000000095800000, 0x0000000095900000|  0%| F|  |TAMS 0x0000000095800000, 0x0000000095800000| Untracked 
| 323|0x0000000095900000, 0x0000000095900000, 0x0000000095a00000|  0%| F|  |TAMS 0x0000000095900000, 0x0000000095900000| Untracked 
| 324|0x0000000095a00000, 0x0000000095a00000, 0x0000000095b00000|  0%| F|  |TAMS 0x0000000095a00000, 0x0000000095a00000| Untracked 
| 325|0x0000000095b00000, 0x0000000095b00000, 0x0000000095c00000|  0%| F|  |TAMS 0x0000000095b00000, 0x0000000095b00000| Untracked 
| 326|0x0000000095c00000, 0x0000000095c00000, 0x0000000095d00000|  0%| F|  |TAMS 0x0000000095c00000, 0x0000000095c00000| Untracked 
| 327|0x0000000095d00000, 0x0000000095d00000, 0x0000000095e00000|  0%| F|  |TAMS 0x0000000095d00000, 0x0000000095d00000| Untracked 
| 328|0x0000000095e00000, 0x0000000095e00000, 0x0000000095f00000|  0%| F|  |TAMS 0x0000000095e00000, 0x0000000095e00000| Untracked 
| 329|0x0000000095f00000, 0x0000000095f00000, 0x0000000096000000|  0%| F|  |TAMS 0x0000000095f00000, 0x0000000095f00000| Untracked 
| 330|0x0000000096000000, 0x0000000096000000, 0x0000000096100000|  0%| F|  |TAMS 0x0000000096000000, 0x0000000096000000| Untracked 
| 331|0x0000000096100000, 0x0000000096100000, 0x0000000096200000|  0%| F|  |TAMS 0x0000000096100000, 0x0000000096100000| Untracked 
| 332|0x0000000096200000, 0x0000000096200000, 0x0000000096300000|  0%| F|  |TAMS 0x0000000096200000, 0x0000000096200000| Untracked 
| 333|0x0000000096300000, 0x0000000096300000, 0x0000000096400000|  0%| F|  |TAMS 0x0000000096300000, 0x0000000096300000| Untracked 
| 334|0x0000000096400000, 0x0000000096400000, 0x0000000096500000|  0%| F|  |TAMS 0x0000000096400000, 0x0000000096400000| Untracked 
| 335|0x0000000096500000, 0x0000000096500000, 0x0000000096600000|  0%| F|  |TAMS 0x0000000096500000, 0x0000000096500000| Untracked 
| 336|0x0000000096600000, 0x0000000096600000, 0x0000000096700000|  0%| F|  |TAMS 0x0000000096600000, 0x0000000096600000| Untracked 
| 337|0x0000000096700000, 0x0000000096700000, 0x0000000096800000|  0%| F|  |TAMS 0x0000000096700000, 0x0000000096700000| Untracked 

Card table byte_map: [0x0000019a452d0000,0x0000019a456d0000] _byte_map_base: 0x0000019a44ec5000

Marking Bits (Prev, Next): (CMBitMap*) 0x0000019a2d441ae8, (CMBitMap*) 0x0000019a2d441b28
 Prev Bits: [0x0000019a45ad0000, 0x0000019a47a78000)
 Next Bits: [0x0000019a47a80000, 0x0000019a49a28000)

Polling page: 0x0000019a2cbd0000

Metaspace:

Usage:
  Non-class:     51.96 MB capacity,    51.10 MB ( 98%) used,   698.63 KB (  1%) free+waste,   183.63 KB ( <1%) overhead. 
      Class:      7.77 MB capacity,     7.25 MB ( 93%) used,   451.73 KB (  6%) free+waste,    83.19 KB (  1%) overhead. 
       Both:     59.73 MB capacity,    58.35 MB ( 98%) used,     1.12 MB (  2%) free+waste,   266.81 KB ( <1%) overhead. 

Virtual space:
  Non-class space:       54.00 MB reserved,      52.16 MB ( 97%) committed 
      Class space:        1.00 GB reserved,       7.88 MB ( <1%) committed 
             Both:        1.05 GB reserved,      60.03 MB (  6%) committed 

Chunk freelists:
   Non-Class:  71.00 KB
       Class:  11.00 KB
        Both:  82.00 KB

MaxMetaspaceSize: 17179869184.00 GB
CompressedClassSpaceSize: 1.00 GB

CodeHeap 'non-profiled nmethods': size=120000Kb used=8742Kb max_used=8742Kb free=111258Kb
 bounds [0x0000019a3d670000, 0x0000019a3df00000, 0x0000019a44ba0000]
CodeHeap 'profiled nmethods': size=120000Kb used=15273Kb max_used=16207Kb free=104727Kb
 bounds [0x0000019a36140000, 0x0000019a37120000, 0x0000019a3d670000]
CodeHeap 'non-nmethods': size=5760Kb used=1325Kb max_used=1413Kb free=4434Kb
 bounds [0x0000019a35ba0000, 0x0000019a35e10000, 0x0000019a36140000]
 total_blobs=8523 nmethods=7906 adapters=529
 compilation: enabled
              stopped_count=0, restarted_count=0
 full_count=0

Compilation events (20 events):
Event: 54.975 Thread 0x0000019a4c48f000 nmethod 10113 0x0000019a370cd210 code [0x0000019a370cd3e0, 0x0000019a370cd958]
Event: 55.038 Thread 0x0000019a4c48f000 10114   !   3       com.sun.proxy.$Proxy90::save (36 bytes)
Event: 55.038 Thread 0x0000019a4c48f000 nmethod 10114 0x0000019a370cc690 code [0x0000019a370cc860, 0x0000019a370ccdd8]
Event: 55.114 Thread 0x0000019a4c48d000 10115       4       org.hibernate.internal.AbstractSharedSessionContract::accessTransaction (61 bytes)
Event: 55.117 Thread 0x0000019a4c48f000 10116       3       java.util.concurrent.atomic.AtomicInteger::<init> (5 bytes)
Event: 55.117 Thread 0x0000019a4c48f000 nmethod 10116 0x0000019a3710d210 code [0x0000019a3710d3c0, 0x0000019a3710d598]
Event: 55.117 Thread 0x0000019a4c48f000 10117   !   3       java.util.concurrent.ThreadPoolExecutor::addWorker (289 bytes)
Event: 55.120 Thread 0x0000019a4c48f000 nmethod 10117 0x0000019a37109d10 code [0x0000019a3710a0e0, 0x0000019a3710c488]
Event: 55.143 Thread 0x0000019a4c48d000 nmethod 10115 0x0000019a3def7c90 code [0x0000019a3def8060, 0x0000019a3def8dc0]
Event: 55.204 Thread 0x0000019a4c48f000 10119   !   3       java.util.concurrent.ThreadPoolExecutor::runWorker (187 bytes)
Event: 55.205 Thread 0x0000019a4c48f000 nmethod 10119 0x0000019a361aeb90 code [0x0000019a361aeee0, 0x0000019a361b04d8]
Event: 55.205 Thread 0x0000019a4c48f000 10118       3       java.util.concurrent.ThreadPoolExecutor$Worker::run (9 bytes)
Event: 55.205 Thread 0x0000019a4c48f000 nmethod 10118 0x0000019a36abef10 code [0x0000019a36abf0c0, 0x0000019a36abf228]
Event: 55.303 Thread 0x0000019a4c48f000 10120       3       java.util.concurrent.AbstractExecutorService::<init> (5 bytes)
Event: 55.303 Thread 0x0000019a4c48f000 nmethod 10120 0x0000019a37109910 code [0x0000019a37109aa0, 0x0000019a37109c18]
Event: 55.356 Thread 0x0000019a4c48f000 10121       3       java.util.concurrent.LinkedBlockingQueue$Node::<init> (10 bytes)
Event: 55.356 Thread 0x0000019a4c48f000 nmethod 10121 0x0000019a37109510 code [0x0000019a371096a0, 0x0000019a37109878]
Event: 55.410 Thread 0x0000019a4c48f000 10122       3       com.zaxxer.hikari.util.FastList::<init> (22 bytes)
Event: 55.410 Thread 0x0000019a4c48f000 nmethod 10122 0x0000019a37108e10 code [0x0000019a37108fe0, 0x0000019a371093c8]
Event: 55.431 Thread 0x0000019a4c48f000 10123       3       org.h2.command.Parser::parseInsertGivenTable (228 bytes)

GC Heap History (20 events):
Event: 52.236 GC heap after
{Heap after GC invocations=163 (full 0):
 garbage-first heap   total 346112K, used 51776K [0x0000000081600000, 0x0000000100000000)
  region size 1024K, 6 young (6144K), 6 survivors (6144K)
 Metaspace       used 59711K, capacity 61037K, committed 61216K, reserved 1101824K
  class space    used 7422K, capacity 7957K, committed 8064K, reserved 1048576K
}
Event: 52.541 GC heap before
{Heap before GC invocations=163 (full 0):
 garbage-first heap   total 346112K, used 252480K [0x0000000081600000, 0x0000000100000000)
  region size 1024K, 202 young (206848K), 6 survivors (6144K)
 Metaspace       used 59719K, capacity 61101K, committed 61472K, reserved 1103872K
  class space    used 7422K, capacity 7957K, committed 8064K, reserved 1048576K
}
Event: 52.545 GC heap after
{Heap after GC invocations=164 (full 0):
 garbage-first heap   total 346112K, used 52074K [0x0000000081600000, 0x0000000100000000)
  region size 1024K, 6 young (6144K), 6 survivors (6144K)
 Metaspace       used 59719K, capacity 61101K, committed 61472K, reserved 1103872K
  class space    used 7422K, capacity 7957K, committed 8064K, reserved 1048576K
}
Event: 52.808 GC heap before
{Heap before GC invocations=164 (full 0):
 garbage-first heap   total 346112K, used 252778K [0x0000000081600000, 0x0000000100000000)
  region size 1024K, 202 young (206848K), 6 survivors (6144K)
 Metaspace       used 59721K, capacity 61102K, committed 61472K, reserved 1103872K
  class space    used 7422K, capacity 7957K, committed 8064K, reserved 1048576K
}
Event: 52.812 GC heap after
{Heap after GC invocations=165 (full 0):
 garbage-first heap   total 346112K, used 52356K [0x0000000081600000, 0x0000000100000000)
  region size 1024K, 6 young (6144K), 6 survivors (6144K)
 Metaspace       used 59721K, capacity 61102K, committed 61472K, reserved 1103872K
  class space    used 7422K, capacity 7957K, committed 8064K, reserved 1048576K
}
Event: 53.081 GC heap before
{Heap before GC invocations=165 (full 0):
 garbage-first heap   total 346112K, used 253060K [0x0000000081600000, 0x0000000100000000)
  region size 1024K, 202 young (206848K), 6 survivors (6144K)
 Metaspace       used 59728K, capacity 61102K, committed 61472K, reserved 1103872K
  class space    used 7422K, capacity 7957K, committed 8064K, reserved 1048576K
}
Event: 53.086 GC heap after
{Heap after GC invocations=166 (full 0):
 garbage-first heap   total 346112K, used 53216K [0x0000000081600000, 0x0000000100000000)
  region size 1024K, 6 young (6144K), 6 survivors (6144K)
 Metaspace       used 59728K, capacity 61102K, committed 61472K, reserved 1103872K
  class space    used 7422K, capacity 7957K, committed 8064K, reserved 1048576K
}
Event: 53.342 GC heap before
{Heap before GC invocations=166 (full 0):
 garbage-first heap   total 346112K, used 253920K [0x0000000081600000, 0x0000000100000000)
  region size 1024K, 202 young (206848K), 6 survivors (6144K)
 Metaspace       used 59728K, capacity 61102K, committed 61472K, reserved 1103872K
  class space    used 7422K, capacity 7957K, committed 8064K, reserved 1048576K
}
Event: 53.360 GC heap after
{Heap after GC invocations=167 (full 0):
 garbage-first heap   total 346112K, used 53738K [0x0000000081600000, 0x0000000100000000)
  region size 1024K, 6 young (6144K), 6 survivors (6144K)
 Metaspace       used 59728K, capacity 61102K, committed 61472K, reserved 1103872K
  class space    used 7422K, capacity 7957K, committed 8064K, reserved 1048576K
}
Event: 53.664 GC heap before
{Heap before GC invocations=167 (full 0):
 garbage-first heap   total 346112K, used 254442K [0x0000000081600000, 0x0000000100000000)
  region size 1024K, 202 young (206848K), 6 survivors (6144K)
 Metaspace       used 59729K, capacity 61102K, committed 61472K, reserved 1103872K
  class space    used 7422K, capacity 7957K, committed 8064K, reserved 1048576K
}
Event: 53.669 GC heap after
{Heap after GC invocations=168 (full 0):
 garbage-first heap   total 346112K, used 53718K [0x0000000081600000, 0x0000000100000000)
  region size 1024K, 6 young (6144K), 6 survivors (6144K)
 Metaspace       used 59729K, capacity 61102K, committed 61472K, reserved 1103872K
  class space    used 7422K, capacity 7957K, committed 8064K, reserved 1048576K
}
Event: 53.963 GC heap before
{Heap before GC invocations=168 (full 0):
 garbage-first heap   total 346112K, used 254422K [0x0000000081600000, 0x0000000100000000)
  region size 1024K, 202 young (206848K), 6 survivors (6144K)
 Metaspace       used 59730K, capacity 61102K, committed 61472K, reserved 1103872K
  class space    used 7422K, capacity 7957K, committed 8064K, reserved 1048576K
}
Event: 53.981 GC heap after
{Heap after GC invocations=169 (full 0):
 garbage-first heap   total 346112K, used 53943K [0x0000000081600000, 0x0000000100000000)
  region size 1024K, 6 young (6144K), 6 survivors (6144K)
 Metaspace       used 59730K, capacity 61102K, committed 61472K, reserved 1103872K
  class space    used 7422K, capacity 7957K, committed 8064K, reserved 1048576K
}
Event: 54.352 GC heap before
{Heap before GC invocations=169 (full 0):
 garbage-first heap   total 346112K, used 254647K [0x0000000081600000, 0x0000000100000000)
  region size 1024K, 202 young (206848K), 6 survivors (6144K)
 Metaspace       used 59730K, capacity 61102K, committed 61472K, reserved 1103872K
  class space    used 7422K, capacity 7957K, committed 8064K, reserved 1048576K
}
Event: 54.358 GC heap after
{Heap after GC invocations=170 (full 0):
 garbage-first heap   total 346112K, used 54423K [0x0000000081600000, 0x0000000100000000)
  region size 1024K, 6 young (6144K), 6 survivors (6144K)
 Metaspace       used 59730K, capacity 61102K, committed 61472K, reserved 1103872K
  class space    used 7422K, capacity 7957K, committed 8064K, reserved 1048576K
}
Event: 54.740 GC heap before
{Heap before GC invocations=170 (full 0):
 garbage-first heap   total 346112K, used 255127K [0x0000000081600000, 0x0000000100000000)
  region size 1024K, 202 young (206848K), 6 survivors (6144K)
 Metaspace       used 59738K, capacity 61102K, committed 61472K, reserved 1103872K
  class space    used 7422K, capacity 7957K, committed 8064K, reserved 1048576K
}
Event: 54.747 GC heap after
{Heap after GC invocations=171 (full 0):
 garbage-first heap   total 346112K, used 54309K [0x0000000081600000, 0x0000000100000000)
  region size 1024K, 6 young (6144K), 6 survivors (6144K)
 Metaspace       used 59738K, capacity 61102K, committed 61472K, reserved 1103872K
  class space    used 7422K, capacity 7957K, committed 8064K, reserved 1048576K
}
Event: 55.120 GC heap before
{Heap before GC invocations=171 (full 0):
 garbage-first heap   total 346112K, used 255013K [0x0000000081600000, 0x0000000100000000)
  region size 1024K, 202 young (206848K), 6 survivors (6144K)
 Metaspace       used 59744K, capacity 61166K, committed 61472K, reserved 1103872K
  class space    used 7422K, capacity 7957K, committed 8064K, reserved 1048576K
}
Event: 55.133 GC heap after
{Heap after GC invocations=172 (full 0):
 garbage-first heap   total 346112K, used 54902K [0x0000000081600000, 0x0000000100000000)
  region size 1024K, 6 young (6144K), 6 survivors (6144K)
 Metaspace       used 59744K, capacity 61166K, committed 61472K, reserved 1103872K
  class space    used 7422K, capacity 7957K, committed 8064K, reserved 1048576K
}
Event: 55.431 GC heap before
{Heap before GC invocations=172 (full 0):
 garbage-first heap   total 346112K, used 255606K [0x0000000081600000, 0x0000000100000000)
  region size 1024K, 202 young (206848K), 6 survivors (6144K)
 Metaspace       used 59748K, capacity 61166K, committed 61472K, reserved 1103872K
  class space    used 7422K, capacity 7957K, committed 8064K, reserved 1048576K
}

Deoptimization events (20 events):
Event: 39.889 Thread 0x0000019a4e29a800 DEOPT PACKING pc=0x0000019a36c6fe8a sp=0x0000003d272febd0
Event: 39.889 Thread 0x0000019a4e29a800 DEOPT UNPACKING pc=0x0000019a35be964e sp=0x0000003d272fe0e8 mode 0
Event: 40.972 Thread 0x0000019a4e299800 DEOPT PACKING pc=0x0000019a36bc4a99 sp=0x0000003d272fdf50
Event: 40.972 Thread 0x0000019a4e299800 DEOPT UNPACKING pc=0x0000019a35be964e sp=0x0000003d272fd480 mode 0
Event: 40.977 Thread 0x0000019a4e299800 DEOPT PACKING pc=0x0000019a36e89ebe sp=0x0000003d272fe2a0
Event: 40.977 Thread 0x0000019a4e299800 DEOPT UNPACKING pc=0x0000019a35be964e sp=0x0000003d272fd760 mode 0
Event: 41.319 Thread 0x0000019a4e29d000 Uncommon trap: trap_request=0xffffff45 fr.pc=0x0000019a3dd30ff8 relative=0x0000000000000bf8
Event: 41.319 Thread 0x0000019a4e29d000 Uncommon trap: reason=unstable_if action=reinterpret pc=0x0000019a3dd30ff8 method=com.fasterxml.jackson.core.json.WriterBasedJsonGenerator.writeEndObject()V @ 74 c2
Event: 41.319 Thread 0x0000019a4e29d000 DEOPT PACKING pc=0x0000019a3dd30ff8 sp=0x0000003d272fe480
Event: 41.319 Thread 0x0000019a4e29d000 DEOPT UNPACKING pc=0x0000019a35be912f sp=0x0000003d272fe380 mode 2
Event: 41.979 Thread 0x0000019a4e29b000 DEOPT PACKING pc=0x0000019a362721c1 sp=0x0000003d28dfe140
Event: 41.979 Thread 0x0000019a4e29b000 DEOPT UNPACKING pc=0x0000019a35be964e sp=0x0000003d28dfd678 mode 0
Event: 45.197 Thread 0x0000019a4e29b000 DEOPT PACKING pc=0x0000019a36cd2179 sp=0x0000003d272fdd70
Event: 45.197 Thread 0x0000019a4e29b000 DEOPT UNPACKING pc=0x0000019a35be964e sp=0x0000003d272fd288 mode 0
Event: 48.231 Thread 0x0000019a4e29d000 DEOPT PACKING pc=0x0000019a36e3445a sp=0x0000003d28dfe250
Event: 48.231 Thread 0x0000019a4e29d000 DEOPT UNPACKING pc=0x0000019a35be964e sp=0x0000003d28dfd788 mode 0
Event: 52.255 Thread 0x0000019a4e298000 DEOPT PACKING pc=0x0000019a36c8ab73 sp=0x0000003d272fd900
Event: 52.255 Thread 0x0000019a4e298000 DEOPT UNPACKING pc=0x0000019a35be964e sp=0x0000003d272fce18 mode 0
Event: 54.475 Thread 0x0000019a4e299000 DEOPT PACKING pc=0x0000019a36e3445a sp=0x0000003d28dfe040
Event: 54.475 Thread 0x0000019a4e299000 DEOPT UNPACKING pc=0x0000019a35be964e sp=0x0000003d28dfd578 mode 0

Classes unloaded (0 events):
No events

Classes redefined (0 events):
No events

Internal exceptions (20 events):
Event: 9.353 Thread 0x0000019a2d3fa800 Exception <a 'java/lang/NoSuchMethodError'{0x00000000839ea890}: 'java.lang.Object java.lang.invoke.Invokers$Holder.linkToTargetMethod(java.lang.Object, int, java.lang.Object)'> (0x00000000839ea890) 
thrown [./open/src/hotspot/share/interpreter/linkResolver.cpp, line 766]
Event: 9.362 Thread 0x0000019a2d3fa800 Exception <a 'java/lang/IncompatibleClassChangeError'{0x000000008382b938}: Found class java.lang.Object, but interface was expected> (0x000000008382b938) 
thrown [./open/src/hotspot/share/interpreter/linkResolver.cpp, line 832]
Event: 9.431 Thread 0x0000019a2d3fa800 Exception <a 'java/lang/ClassNotFoundException'{0x00000000836e85e8}: java/lang/ObjectCustomizer> (0x00000000836e85e8) 
thrown [./open/src/hotspot/share/classfile/systemDictionary.cpp, line 226]
Event: 9.432 Thread 0x0000019a2d3fa800 Exception <a 'java/lang/ClassNotFoundException'{0x00000000836fb220}: com/vishva/CricInfo/entity/InningEntityCustomizer> (0x00000000836fb220) 
thrown [./open/src/hotspot/share/classfile/systemDictionary.cpp, line 226]
Event: 9.449 Thread 0x0000019a2d3fa800 Exception <a 'java/lang/ClassNotFoundException'{0x000000008953d6a0}: java/lang/ObjectCustomizer> (0x000000008953d6a0) 
thrown [./open/src/hotspot/share/classfile/systemDictionary.cpp, line 226]
Event: 9.450 Thread 0x0000019a2d3fa800 Exception <a 'java/lang/ClassNotFoundException'{0x0000000089550288}: com/vishva/CricInfo/entity/OverEntityCustomizer> (0x0000000089550288) 
thrown [./open/src/hotspot/share/classfile/systemDictionary.cpp, line 226]
Event: 9.453 Thread 0x0000019a2d3fa800 Exception <a 'java/lang/ClassNotFoundException'{0x000000008957df90}: java/lang/ObjectCustomizer> (0x000000008957df90) 
thrown [./open/src/hotspot/share/classfile/systemDictionary.cpp, line 226]
Event: 9.454 Thread 0x0000019a2d3fa800 Exception <a 'java/lang/ClassNotFoundException'{0x0000000089591450}: com/vishva/CricInfo/entity/DeliveryEntityCustomizer> (0x0000000089591450) 
thrown [./open/src/hotspot/share/classfile/systemDictionary.cpp, line 226]
Event: 9.461 Thread 0x0000019a2d3fa800 Exception <a 'java/lang/ClassNotFoundException'{0x00000000895cd468}: java/lang/ObjectCustomizer> (0x00000000895cd468) 
thrown [./open/src/hotspot/share/classfile/systemDictionary.cpp, line 226]
Event: 9.462 Thread 0x0000019a2d3fa800 Exception <a 'java/lang/ClassNotFoundException'{0x00000000895e0628}: com/vishva/CricInfo/entity/ExtrasEntityCustomizer> (0x00000000895e0628) 
thrown [./open/src/hotspot/share/classfile/systemDictionary.cpp, line 226]
Event: 9.722 Thread 0x0000019a4e29c000 Implicit null exception at 0x0000019a3d79d822 to 0x0000019a3d79d9d0
Event: 10.078 Thread 0x0000019a4e29c000 Exception <a 'java/lang/reflect/InvocationTargetException'{0x0000000085f35420}> (0x0000000085f35420) 
thrown [./open/src/hotspot/share/runtime/reflection.cpp, line 1188]
Event: 10.098 Thread 0x0000019a4e29c000 Exception <a 'java/lang/ClassNotFoundException'{0x0000000085fee648}: java/lang/ObjectCustomizer> (0x0000000085fee648) 
thrown [./open/src/hotspot/share/classfile/systemDictionary.cpp, line 226]
Event: 10.100 Thread 0x0000019a4e29c000 Exception <a 'java/lang/ClassNotFoundException'{0x0000000085e01710}: com/vishva/CricInfo/entity/PlayerEntityCustomizer> (0x0000000085e01710) 
thrown [./open/src/hotspot/share/classfile/systemDictionary.cpp, line 226]
Event: 10.148 Thread 0x0000019a4e29c000 Exception <a 'java/lang/NoSuchMethodError'{0x0000000085de9c10}: 'java.lang.Object java.lang.invoke.DirectMethodHandle$Holder.invokeStaticInit(java.lang.Object, java.lang.Object, java.lang.Object, java.lang.Object, java.lang.Object, java.lang.Object)'> (0x0000000085de9c10) 
thrown [./open/src/hotspot/share/interpreter/linkResolver.cpp, line 766]
Event: 10.150 Thread 0x0000019a4e29c000 Exception <a 'java/lang/reflect/InvocationTargetException'{0x0000000085df4170}> (0x0000000085df4170) 
thrown [./open/src/hotspot/share/runtime/reflection.cpp, line 1188]
Event: 10.155 Thread 0x0000019a4e29c000 Exception <a 'java/lang/reflect/InvocationTargetException'{0x0000000085dfc8d8}> (0x0000000085dfc8d8) 
thrown [./open/src/hotspot/share/runtime/reflection.cpp, line 1188]
Event: 10.889 Thread 0x0000019a4e29c000 Exception <a 'java/lang/ClassNotFoundException'{0x0000000083de3260}: java/lang/ObjectCustomizer> (0x0000000083de3260) 
thrown [./open/src/hotspot/share/classfile/systemDictionary.cpp, line 226]
Event: 10.890 Thread 0x0000019a4e29c000 Exception <a 'java/lang/ClassNotFoundException'{0x0000000083df5be8}: com/vishva/CricInfo/entity/InningEntityCustomizer> (0x0000000083df5be8) 
thrown [./open/src/hotspot/share/classfile/systemDictionary.cpp, line 226]
Event: 17.402 Thread 0x0000019a4e29d800 Implicit null exception at 0x0000019a3dc5b27b to 0x0000019a3dc60504

Events (20 events):
Event: 54.938 Thread 0x0000019a4e298000 Thread added: 0x0000019a4e298000
Event: 55.006 Thread 0x0000019a4e298000 Thread exited: 0x0000019a4e298000
Event: 55.006 Thread 0x0000019a4e29b000 Thread added: 0x0000019a4e29b000
Event: 55.068 Thread 0x0000019a4e29b000 Thread exited: 0x0000019a4e29b000
Event: 55.068 Thread 0x0000019a4e29d000 Thread added: 0x0000019a4e29d000
Event: 55.117 Thread 0x0000019a4e29d000 Thread exited: 0x0000019a4e29d000
Event: 55.117 Thread 0x0000019a4e297000 Thread added: 0x0000019a4e297000
Event: 55.120 Executing VM operation: G1CollectForAllocation
Event: 55.133 Executing VM operation: G1CollectForAllocation done
Event: 55.203 Thread 0x0000019a4e297000 Thread exited: 0x0000019a4e297000
Event: 55.203 Thread 0x0000019a4e29a800 Thread added: 0x0000019a4e29a800
Event: 55.253 Thread 0x0000019a4e29a800 Thread exited: 0x0000019a4e29a800
Event: 55.253 Thread 0x0000019a4e299000 Thread added: 0x0000019a4e299000
Event: 55.303 Thread 0x0000019a4e299000 Thread exited: 0x0000019a4e299000
Event: 55.303 Thread 0x0000019a4e29d000 Thread added: 0x0000019a4e29d000
Event: 55.356 Thread 0x0000019a4e29d000 Thread exited: 0x0000019a4e29d000
Event: 55.356 Thread 0x0000019a4e29a800 Thread added: 0x0000019a4e29a800
Event: 55.403 Thread 0x0000019a4e29a800 Thread exited: 0x0000019a4e29a800
Event: 55.404 Thread 0x0000019a4e29b000 Thread added: 0x0000019a4e29b000
Event: 55.431 Executing VM operation: G1CollectForAllocation


Dynamic libraries:
0x00007ff72d3a0000 - 0x00007ff72d3af000 	C:\Program Files\Java\jdk-14.0.2\bin\java.exe
0x00007ff91a770000 - 0x00007ff91a966000 	C:\WINDOWS\SYSTEM32\ntdll.dll
0x00007ff919a80000 - 0x00007ff919b3d000 	C:\WINDOWS\System32\KERNEL32.DLL
0x00007ff918330000 - 0x00007ff9185f8000 	C:\WINDOWS\System32\KERNELBASE.dll
0x00007ff917f30000 - 0x00007ff918030000 	C:\WINDOWS\System32\ucrtbase.dll
0x00007ff908730000 - 0x00007ff908745000 	C:\Program Files\Java\jdk-14.0.2\bin\VCRUNTIME140.dll
0x00007ff908750000 - 0x00007ff908768000 	C:\Program Files\Java\jdk-14.0.2\bin\jli.dll
0x00007ff91a670000 - 0x00007ff91a71c000 	C:\WINDOWS\System32\ADVAPI32.dll
0x00007ff91a3c0000 - 0x00007ff91a45e000 	C:\WINDOWS\System32\msvcrt.dll
0x00007ff91a200000 - 0x00007ff91a29b000 	C:\WINDOWS\System32\sechost.dll
0x00007ff91a460000 - 0x00007ff91a584000 	C:\WINDOWS\System32\RPCRT4.dll
0x00007ff919ba0000 - 0x00007ff919d40000 	C:\WINDOWS\System32\USER32.dll
0x00007ff918300000 - 0x00007ff918322000 	C:\WINDOWS\System32\win32u.dll
0x00007ff919d50000 - 0x00007ff919d7a000 	C:\WINDOWS\System32\GDI32.dll
0x00007ff9056c0000 - 0x00007ff90595b000 	C:\WINDOWS\WinSxS\amd64_microsoft.windows.common-controls_6595b64144ccf1df_6.0.19041.488_none_ca04af081b815d21\COMCTL32.dll
0x00007ff918030000 - 0x00007ff918139000 	C:\WINDOWS\System32\gdi32full.dll
0x00007ff918730000 - 0x00007ff9187cd000 	C:\WINDOWS\System32\msvcp_win.dll
0x00007ff9115b0000 - 0x00007ff9115ba000 	C:\WINDOWS\SYSTEM32\VERSION.dll
0x00007ff91a330000 - 0x00007ff91a360000 	C:\WINDOWS\System32\IMM32.DLL
0x00007ff908690000 - 0x00007ff90872b000 	C:\Program Files\Java\jdk-14.0.2\bin\msvcp140.dll
0x00007ff8d14c0000 - 0x00007ff8d1fde000 	C:\Program Files\Java\jdk-14.0.2\bin\server\jvm.dll
0x00007ff91a720000 - 0x00007ff91a728000 	C:\WINDOWS\System32\PSAPI.DLL
0x00007ff90aeb0000 - 0x00007ff90aed7000 	C:\WINDOWS\SYSTEM32\WINMM.dll
0x00007ff8fcc30000 - 0x00007ff8fcc39000 	C:\WINDOWS\SYSTEM32\WSOCK32.dll
0x00007ff919920000 - 0x00007ff91998b000 	C:\WINDOWS\System32\WS2_32.dll
0x00007ff916790000 - 0x00007ff9167a2000 	C:\WINDOWS\SYSTEM32\kernel.appcore.dll
0x00007ff915390000 - 0x00007ff91539a000 	C:\Program Files\Java\jdk-14.0.2\bin\jimage.dll
0x00007ff915bb0000 - 0x00007ff915d94000 	C:\WINDOWS\SYSTEM32\DBGHELP.DLL
0x00007ff903be0000 - 0x00007ff903c0c000 	C:\WINDOWS\SYSTEM32\dbgcore.DLL
0x00007ff917eb0000 - 0x00007ff917f2f000 	C:\WINDOWS\System32\bcryptPrimitives.dll
0x00007ff908660000 - 0x00007ff908685000 	C:\Program Files\Java\jdk-14.0.2\bin\java.dll
0x00007ff908620000 - 0x00007ff908636000 	C:\Program Files\Java\jdk-14.0.2\bin\zip.dll
0x00007ff918a00000 - 0x00007ff919141000 	C:\WINDOWS\System32\SHELL32.dll
0x00007ff915fe0000 - 0x00007ff916775000 	C:\WINDOWS\SYSTEM32\windows.storage.dll
0x00007ff919ea0000 - 0x00007ff91a1f5000 	C:\WINDOWS\System32\combase.dll
0x00007ff917920000 - 0x00007ff91794c000 	C:\WINDOWS\SYSTEM32\Wldp.dll
0x00007ff9192d0000 - 0x00007ff91937e000 	C:\WINDOWS\System32\SHCORE.dll
0x00007ff9187f0000 - 0x00007ff918845000 	C:\WINDOWS\System32\shlwapi.dll
0x00007ff917de0000 - 0x00007ff917e06000 	C:\WINDOWS\SYSTEM32\profapi.dll
0x00007ff9085c0000 - 0x00007ff9085d9000 	C:\Program Files\Java\jdk-14.0.2\bin\net.dll
0x00007ff906870000 - 0x00007ff906970000 	C:\WINDOWS\SYSTEM32\WINHTTP.dll
0x00007ff9176a0000 - 0x00007ff91770a000 	C:\WINDOWS\system32\mswsock.dll
0x00007ff9085a0000 - 0x00007ff9085b2000 	C:\Program Files\Java\jdk-14.0.2\bin\nio.dll
0x00007ff90b570000 - 0x00007ff90b580000 	C:\Program Files\Java\jdk-14.0.2\bin\verify.dll
0x00007ff90b510000 - 0x00007ff90b519000 	C:\Program Files\Java\jdk-14.0.2\bin\management.dll
0x00007ff908320000 - 0x00007ff90832b000 	C:\Program Files\Java\jdk-14.0.2\bin\management_ext.dll
0x00007ff9052c0000 - 0x00007ff9052d7000 	C:\WINDOWS\system32\napinsp.dll
0x00007ff904d20000 - 0x00007ff904d3b000 	C:\WINDOWS\system32\pnrpnsp.dll
0x00007ff8efa70000 - 0x00007ff8efa85000 	C:\WINDOWS\system32\wshbth.dll
0x00007ff9135d0000 - 0x00007ff9135ed000 	C:\WINDOWS\system32\NLAapi.dll
0x00007ff917340000 - 0x00007ff91737b000 	C:\WINDOWS\SYSTEM32\IPHLPAPI.DLL
0x00007ff917380000 - 0x00007ff91744b000 	C:\WINDOWS\SYSTEM32\DNSAPI.dll
0x00007ff91a2a0000 - 0x00007ff91a2a8000 	C:\WINDOWS\System32\NSI.dll
0x00007ff904ac0000 - 0x00007ff904ad2000 	C:\WINDOWS\System32\winrnr.dll
0x00007ff9067d0000 - 0x00007ff9067da000 	C:\Windows\System32\rasadhlp.dll
0x00007ff9067f0000 - 0x00007ff90686f000 	C:\WINDOWS\System32\fwpuclnt.dll
0x00007ff918600000 - 0x00007ff918627000 	C:\WINDOWS\System32\bcrypt.dll
0x00007ff917870000 - 0x00007ff917888000 	C:\WINDOWS\SYSTEM32\CRYPTSP.dll
0x00007ff916fc0000 - 0x00007ff916ff4000 	C:\WINDOWS\system32\rsaenh.dll
0x00007ff917da0000 - 0x00007ff917dce000 	C:\WINDOWS\SYSTEM32\USERENV.dll
0x00007ff917890000 - 0x00007ff91789c000 	C:\WINDOWS\SYSTEM32\CRYPTBASE.dll
0x00007ff90e4e0000 - 0x00007ff90e4f7000 	C:\WINDOWS\SYSTEM32\dhcpcsvc6.DLL
0x00007ff90fd90000 - 0x00007ff90fdad000 	C:\WINDOWS\SYSTEM32\dhcpcsvc.DLL

dbghelp: loaded successfully - version: 4.0.5 - missing functions: none
symbol engine: initialized successfully - sym options: 0x614 - pdb path: .;C:\Program Files\Java\jdk-14.0.2\bin;C:\WINDOWS\SYSTEM32;C:\WINDOWS\WinSxS\amd64_microsoft.windows.common-controls_6595b64144ccf1df_6.0.19041.488_none_ca04af081b815d21;C:\Program Files\Java\jdk-14.0.2\bin\server

VM Arguments:
jvm_args: -Dfile.encoding=windows-1252 -Duser.country=IN -Duser.language=en -Duser.variant 
java_command: com.vishva.CricInfo.CricInfoApplication
java_class_path (initial): C:\Users\91945\Documents\JavaPractice\CricInfo\build\classes\java\main;C:\Users\91945\Documents\JavaPractice\CricInfo\build\resources\main;C:\Users\91945\.gradle\caches\modules-2\files-2.1\javax.persistence\javax.persistence-api\2.2\25665ac8c0b62f50e6488173233239120fc52c96\javax.persistence-api-2.2.jar;C:\Users\91945\.gradle\caches\modules-2\files-2.1\org.springframework.boot\spring-boot-starter-data-jpa\2.3.4.RELEASE\a8b9828649248d762d1d3fc6898c8d7e471e1a8e\spring-boot-starter-data-jpa-2.3.4.RELEASE.jar;C:\Users\91945\.gradle\caches\modules-2\files-2.1\com.fasterxml.jackson.dataformat\jackson-dataformat-yaml\2.11.1\9a05f6fa2b901b628493b0f0405f1ceb9cc255c9\jackson-dataformat-yaml-2.11.1.jar;C:\Users\91945\.gradle\caches\modules-2\files-2.1\com.google.code.gson\gson\2.8.5\f645ed69d595b24d4cf8b3fbb64cc505bede8829\gson-2.8.5.jar;C:\Users\91945\.gradle\caches\modules-2\files-2.1\com.vladmihalcea\hibernate-types-52\2.10.0\2bd03a5893b51a46426cb3cafe2293a04053df22\hibernate-types-52-2.10.0.jar;C:\Users\91945\.gradle\caches\modules-2\files-2.1\commons-io\commons-io\2.8.0\92999e26e6534606b5678014e66948286298a35c\commons-io-2.8.0.jar;C:\Users\91945\.gradle\caches\modules-2\files-2.1\org.springframework.boot\spring-boot-starter-web\2.3.5.RELEASE\b74a4d0ff61c5defc54d18486e246dafe072ef21\spring-boot-starter-web-2.3.5.RELEASE.jar;C:\Users\91945\.gradle\caches\modules-2\files-2.1\com.h2database\h2\1.4.200\f7533fe7cb8e99c87a43d325a77b4b678ad9031a\h2-1.4.200.jar;C:\Users\91945\.gradle\caches\modules-2\files-2.1\org.springframework.boot\spring-boot-starter-aop\2.3.5.RELEASE\c935777688d9f6b83f00f9e91b9b879ae53b58d1\spring-boot-starter-aop-2.3.5.RELEASE.jar;C:\Users\91945\.gradle\caches\modules-2\files-2.1\org.springframework.boot\spring-boot-starter-jdbc\2.3.5.RELEASE\47b034686ac244de05635297b14e6912594598ed\spring-boot-starter-jdbc-2.3.5.RELEASE.jar;C:\Users\91945\.gradle\caches\modules-2\files-2.1\jakarta.transaction\jakarta.transaction-api\1.3.3\c4179d4
Launcher Type: SUN_STANDARD

[Global flags]
     intx CICompilerCount                          = 4                                         {product} {ergonomic}
     uint ConcGCThreads                            = 2                                         {product} {ergonomic}
     uint G1ConcRefinementThreads                  = 8                                         {product} {ergonomic}
   size_t G1HeapRegionSize                         = 1048576                                   {product} {ergonomic}
    uintx GCDrainStackTargetSize                   = 64                                        {product} {ergonomic}
   size_t InitialHeapSize                          = 134217728                                 {product} {ergonomic}
   size_t MarkStackSize                            = 4194304                                   {product} {ergonomic}
   size_t MaxHeapSize                              = 2124414976                                {product} {ergonomic}
   size_t MaxNewSize                               = 1274019840                                {product} {ergonomic}
   size_t MinHeapDeltaBytes                        = 1048576                                   {product} {ergonomic}
   size_t MinHeapSize                              = 8388608                                   {product} {ergonomic}
    uintx NonNMethodCodeHeapSize                   = 5839372                                {pd product} {ergonomic}
    uintx NonProfiledCodeHeapSize                  = 122909434                              {pd product} {ergonomic}
    uintx ProfiledCodeHeapSize                     = 122909434                              {pd product} {ergonomic}
    uintx ReservedCodeCacheSize                    = 251658240                              {pd product} {ergonomic}
     bool SegmentedCodeCache                       = true                                      {product} {ergonomic}
   size_t SoftMaxHeapSize                          = 2124414976                             {manageable} {ergonomic}
     bool UseCompressedClassPointers               = true                                 {lp64_product} {ergonomic}
     bool UseCompressedOops                        = true                                 {lp64_product} {ergonomic}
     bool UseG1GC                                  = true                                      {product} {ergonomic}
     bool UseLargePagesIndividualAllocation        = false                                  {pd product} {ergonomic}

Logging:
Log output configuration:
 #0: stdout all=warning uptime,level,tags
 #1: stderr all=off uptime,level,tags

Environment Variables:
JAVA_HOME=C:\Program Files\Java\jdk-14.0.1
PATH=C:\Program Files\Python37\Scripts\;C:\Program Files\Python37\;C:\Program Files (x86)\Python37-32\Scripts\;C:\Program Files (x86)\Python37-32\;C:\Windows\system32;C:\Windows;C:\Windows\System32\Wbem;C:\Windows\System32\WindowsPowerShell\v1.0\;C:\Windows\System32\OpenSSH\;C:\Program Files (x86)\NVIDIA Corporation\PhysX\Common;C:\WINDOWS\system32;C:\WINDOWS;C:\WINDOWS\System32\Wbem;C:\WINDOWS\System32\WindowsPowerShell\v1.0\;C:\WINDOWS\System32\OpenSSH\;C:\Program Files\Java\jdk-14.0.1\bin;C:\Program Files\Git\cmd;C:\Program Files (x86);C:\Users\91945\AppData\Local\Microsoft\WindowsApps;C:\Program Files\JetBrains\IntelliJ IDEA 2020.1.1\bin;%USERPROFILE%\AppData\Local\Microsoft\WindowsApps;
USERNAME=91945
OS=Windows_NT
PROCESSOR_IDENTIFIER=Intel64 Family 6 Model 142 Stepping 10, GenuineIntel



---------------  S Y S T E M  ---------------

OS: Windows 10 , 64 bit Build 19041 (10.0.19041.546)
OS uptime: 7 days 6:16 hours

CPU:total 8 (initial active 8) (4 cores per cpu, 2 threads per core) family 6 model 142 stepping 10, cmov, cx8, fxsr, mmx, sse, sse2, sse3, ssse3, sse4.1, sse4.2, popcnt, avx, avx2, aes, clmul, erms, 3dnowpref, lzcnt, ht, tsc, tscinvbit, bmi1, bmi2, adx, fma

Memory: 4k page, system-wide physical 8101M (505M free)
TotalPageFile size 20901M (AvailPageFile size 17M)
current process WorkingSet (physical memory assigned to process): 382M, peak: 410M
current process commit charge ("private bytes"): 549M, peak: 617M

vm_info: Java HotSpot(TM) 64-Bit Server VM (14.0.2+12-46) for windows-amd64 JRE (14.0.2+12-46), built on Jul  9 2020 00:35:52 by "mach5one" with MS VC++ 15.9 (VS2017)

END.
